<?xml version="1.0" encoding="UTF-8"?>
<testsuites name="TS_26_Autoplaced_BayardiOutlet_Alfamart" time="27" tests="3" failures="0" errors="0">
   <testsuite name="TS_26_Autoplaced_BayardiOutlet_Alfamart" tests="3" failures="0" errors="0" time="27" timestamp="2018-10-11 15:04:09" hostname="cipta.andhika - CIPTA-E460.ad.metraplasa.co.id" id="Test Suites/AutoplacedMobile_Pulsa/TS_26_Autoplaced_BayardiOutlet_Alfamart">
      <properties>
         <property name="deviceName" value=""/>
         <property name="devicePlatform" value=""/>
         <property name="logFolder" value="C:\\Users\\cipta.andhika\\Katalon Studio\\Blanja_Mobile_Pulsa\\Reports\\AutoplacedMobile_Pulsa\\TS_26_Autoplaced_BayardiOutlet_Alfamart\\20181011_150408"/>
         <property name="logFiles" value="C:\\Users\\cipta.andhika\\Katalon Studio\\Blanja_Mobile_Pulsa\\Reports\\AutoplacedMobile_Pulsa\\TS_26_Autoplaced_BayardiOutlet_Alfamart\\20181011_150408\\execution0.log"/>
         <property name="attachments" value=""/>
         <property name="hostName" value="cipta.andhika - CIPTA-E460.ad.metraplasa.co.id"/>
         <property name="os" value="Windows 10 64bit"/>
         <property name="katalonVersion" value="5.8.0.1"/>
         <property name="browser" value="Chrome 65.0.3302.0"/>
         <property name="hostAddress" value="10.10.99.244"/>
         <property name="sessionId" value="afb8cf50248e701ebd9a72c00252d660"/>
         <property name="seleniumVersion" value="3.7.1"/>
         <property name="proxyInformation" value="ProxyInformation{proxyOption=NO_PROXY, proxyServerType=HTTP, password=, proxyServerAddress=, proxyServerPort=0}"/>
         <property name="platform" value="Windows 10"/>
      </properties>
      <testcase name="Test Cases/01_Member/Login Mobile" classname="Test Cases/01_Member/Login Mobile" status="PASSED">
         <system-out><![CDATA[2018-10-11 15:04:10 - [TEST_CASE][PASSED] - Test Cases/01_Member/Login Mobile: Test Cases/01_Member/Login Mobile

2018-10-11 15:04:10 - [TEST_STEP][PASSED] - openBrowser: Browser is opened with url: ''

2018-10-11 15:04:14 - [MESSAGE][PASSED] - Browser is opened with url: ''

2018-10-11 15:04:14 - [TEST_STEP][PASSED] - navigateToUrl: Navigate to 'https://m.blanja.com/member/login' successfully

2018-10-11 15:04:16 - [MESSAGE][PASSED] - Navigate to 'https://m.blanja.com/member/login' successfully

2018-10-11 15:04:16 - [TEST_STEP][PASSED] - setText: Text 'testblj2' is set on object 'Object Repository/Member_Login/username'

2018-10-11 15:04:16 - [MESSAGE][PASSED] - Text 'testblj2' is set on object 'Object Repository/Member_Login/username'

2018-10-11 15:04:16 - [TEST_STEP][PASSED] - setText: Text '123qwe' is set on object 'Object Repository/Member_Login/password'

2018-10-11 15:04:16 - [MESSAGE][PASSED] - Text '123qwe' is set on object 'Object Repository/Member_Login/password'

2018-10-11 15:04:16 - [TEST_STEP][PASSED] - click: Object: 'Object Repository/Member_Login/Button_Masuk' is clicked on

2018-10-11 15:04:21 - [MESSAGE][PASSED] - Object: 'Object Repository/Member_Login/Button_Masuk' is clicked on

2018-10-11 15:04:21 - [TEST_STEP][PASSED] - delay: Delayed 2 second(s)

2018-10-11 15:04:23 - [MESSAGE][PASSED] - Delayed 2 second(s)

2018-10-11 15:04:23 - [TEST_STEP][PASSED] - navigateToUrl: Navigate to 'https://m.blanja.com/top-up/pulsa' successfully

2018-10-11 15:04:24 - [MESSAGE][PASSED] - Navigate to 'https://m.blanja.com/top-up/pulsa' successfully

2018-10-11 15:04:24 - [TEST_STEP][PASSED] - delay: Delayed 2 second(s)

2018-10-11 15:04:26 - [MESSAGE][PASSED] - Delayed 2 second(s)

2018-10-11 15:04:26 - [TEST_STEP][PASSED] - setText: Text '081289138338' is set on object 'Object Repository/Pulsa_Mobile/nmr_hp'

2018-10-11 15:04:26 - [MESSAGE][PASSED] - Text '081289138338' is set on object 'Object Repository/Pulsa_Mobile/nmr_hp'

2018-10-11 15:04:26 - [TEST_STEP][PASSED] - delay: Delayed 2 second(s)

2018-10-11 15:04:28 - [MESSAGE][PASSED] - Delayed 2 second(s)

2018-10-11 15:04:28 - [TEST_STEP][PASSED] - click: Object: 'Object Repository/Pulsa_Mobile/Pilih_nominal' is clicked on

2018-10-11 15:04:28 - [MESSAGE][PASSED] - Object: 'Object Repository/Pulsa_Mobile/Pilih_nominal' is clicked on

2018-10-11 15:04:28 - [TEST_STEP][PASSED] - delay: Delayed 1 second(s)

2018-10-11 15:04:29 - [MESSAGE][PASSED] - Delayed 1 second(s)

2018-10-11 15:04:29 - [TEST_STEP][PASSED] - click: Object: 'Object Repository/Pulsa_Mobile/Nominal' is clicked on

2018-10-11 15:04:29 - [MESSAGE][PASSED] - Object: 'Object Repository/Pulsa_Mobile/Nominal' is clicked on

2018-10-11 15:04:29 - [TEST_STEP][PASSED] - delay: Delayed 1 second(s)

2018-10-11 15:04:30 - [MESSAGE][PASSED] - Delayed 1 second(s)

2018-10-11 15:04:30 - [TEST_STEP][PASSED] - click: Object: 'Object Repository/Pulsa_Mobile/Blanja_Sekarang' is clicked on

2018-10-11 15:04:31 - [MESSAGE][PASSED] - Object: 'Object Repository/Pulsa_Mobile/Blanja_Sekarang' is clicked on

2018-10-11 15:04:31 - [TEST_STEP][PASSED] - delay: Delayed 1 second(s)

2018-10-11 15:04:32 - [MESSAGE][PASSED] - Delayed 1 second(s)]]></system-out>
         <system-err><![CDATA[]]></system-err>
      </testcase>
      <testcase name="Test Cases/02_ChooseMethodPaymentMobilePulsa/TC_25_ChooseMethodPayment_BayardiOutlet_Indomaret" classname="Test Cases/02_ChooseMethodPaymentMobilePulsa/TC_25_ChooseMethodPayment_BayardiOutlet_Indomaret" status="PASSED">
         <system-out><![CDATA[2018-10-11 15:04:32 - [TEST_CASE][PASSED] - Test Cases/02_ChooseMethodPaymentMobilePulsa/TC_25_ChooseMethodPayment_BayardiOutlet_Indomaret: Test Cases/02_ChooseMethodPaymentMobilePulsa/TC_25_ChooseMethodPayment_BayardiOutlet_Indomaret

2018-10-11 15:04:32 - [TEST_STEP][PASSED] - click: Object: 'Object Repository/Trade_Payment_Method/Click_Bank/ClickBank/Click_12_BayarDiOutlet' is clicked on

2018-10-11 15:04:33 - [MESSAGE][PASSED] - Object: 'Object Repository/Trade_Payment_Method/Click_Bank/ClickBank/Click_12_BayarDiOutlet' is clicked on

2018-10-11 15:04:33 - [TEST_STEP][PASSED] - delay: Delayed 1 second(s)

2018-10-11 15:04:34 - [MESSAGE][PASSED] - Delayed 1 second(s)

2018-10-11 15:04:34 - [TEST_STEP][PASSED] - click: Object: 'Object Repository/Trade_Payment_Method/Click_Bank/BayarDiOutlet/Indomaret' is clicked on

2018-10-11 15:04:34 - [MESSAGE][PASSED] - Object: 'Object Repository/Trade_Payment_Method/Click_Bank/BayarDiOutlet/Indomaret' is clicked on

2018-10-11 15:04:34 - [TEST_STEP][PASSED] - blj.common.report.Autoplaced.AppendToBlanjaAutoplacedReport: blj.common.report.Autoplaced.AppendToBlanjaAutoplacedReport is PASSED

2018-10-11 15:04:34 - [MESSAGE][PASSED] - blj.common.report.Autoplaced.AppendToBlanjaAutoplacedReport is PASSED]]></system-out>
         <system-err><![CDATA[]]></system-err>
      </testcase>
      <testcase name="Test Cases/02_ChooseMethodPaymentMobilePulsa/TC_ClickCheckout_GetLastOrderID_ExportTo_Blanja_Autoplaced" classname="Test Cases/02_ChooseMethodPaymentMobilePulsa/TC_ClickCheckout_GetLastOrderID_ExportTo_Blanja_Autoplaced" status="PASSED">
         <system-out><![CDATA[2018-10-11 15:04:34 - [TEST_CASE][PASSED] - Test Cases/02_ChooseMethodPaymentMobilePulsa/TC_ClickCheckout_GetLastOrderID_ExportTo_Blanja_Autoplaced: Test Cases/02_ChooseMethodPaymentMobilePulsa/TC_ClickCheckout_GetLastOrderID_ExportTo_Blanja_Autoplaced

2018-10-11 15:04:34 - [TEST_STEP][PASSED] - click: Object: 'Object Repository/Trade_Payment_Method/input_checkOut' is clicked on

2018-10-11 15:04:34 - [MESSAGE][PASSED] - Object: 'Object Repository/Trade_Payment_Method/input_checkOut' is clicked on

2018-10-11 15:04:34 - [TEST_STEP][PASSED] - navigateToUrl: Navigate to 'https://m.blanja.com/mobile/trades/index' successfully

2018-10-11 15:04:35 - [MESSAGE][PASSED] - Navigate to 'https://m.blanja.com/mobile/trades/index' successfully

2018-10-11 15:04:35 - [TEST_STEP][PASSED] - Statement - orderNumber = " - " + com.kms.katalon.core.webui.keyword.WebUiBuiltInKeywords.getText(com.kms.katalon.core.testobject.ObjectRepository.findTestObject(Member_BlanjaanSaya/Label_FirstOrderNumber)): Text of object 'Object Repository/Member_BlanjaanSaya/Label_FirstOrderNumber' is: 'No. Order : 418680703486284019
11 Okt 2018 15:03
Voucher Blanja Potongan 10.000
  Rp 100.000 x 1'

2018-10-11 15:04:36 - [MESSAGE][PASSED] - Text of object 'Object Repository/Member_BlanjaanSaya/Label_FirstOrderNumber' is: 'No. Order : 418680703486284019
11 Okt 2018 15:03
Voucher Blanja Potongan 10.000
  Rp 100.000 x 1'

2018-10-11 15:04:36 - [TEST_STEP][PASSED] - blj.common.report.Autoplaced.AppendToBlanjaAutoplacedReport: blj.common.report.Autoplaced.AppendToBlanjaAutoplacedReport is PASSED

2018-10-11 15:04:36 - [MESSAGE][PASSED] - blj.common.report.Autoplaced.AppendToBlanjaAutoplacedReport is PASSED

2018-10-11 15:04:36 - [TEST_STEP][PASSED] - blj.common.report.Autoplaced.AppendToBlanjaAutoplacedReport: blj.common.report.Autoplaced.AppendToBlanjaAutoplacedReport is PASSED

2018-10-11 15:04:36 - [MESSAGE][PASSED] - blj.common.report.Autoplaced.AppendToBlanjaAutoplacedReport is PASSED]]></system-out>
         <system-err><![CDATA[]]></system-err>
      </testcase>
      <system-out><![CDATA[2018-10-11 15:04:09 - [TEST_SUITE][PASSED] - TS_26_Autoplaced_BayardiOutlet_Alfamart: Test Cases/02_ChooseMethodPaymentMobilePulsa/TC_ClickCheckout_GetLastOrderID_ExportTo_Blanja_Autoplaced]]></system-out>
      <system-err><![CDATA[]]></system-err>
   </testsuite>
</testsuites>
