<?xml version="1.0" encoding="UTF-8"?>
<testsuites name="TS_12_Autoplaced_BRI_e-PayBRI" time="64" tests="3" failures="0" errors="0">
   <testsuite name="TS_12_Autoplaced_BRI_e-PayBRI" tests="3" failures="0" errors="0" time="64" timestamp="2018-10-17 10:54:30" hostname="cipta.andhika - CIPTA-E460.ad.metraplasa.co.id" id="Test Suites/AutoplacedMweb_Reguler/TS_12_Autoplaced_BRI_e-PayBRI">
      <properties>
         <property name="deviceName" value=""/>
         <property name="devicePlatform" value=""/>
         <property name="logFolder" value="C:\\Users\\cipta.andhika\\Katalon Studio\\Blanja_Mobile_Pulsa\\Reports\\AutoplacedMweb_Reguler\\TS_12_Autoplaced_BRI_e-PayBRI\\20181017_105428"/>
         <property name="logFiles" value="C:\\Users\\cipta.andhika\\Katalon Studio\\Blanja_Mobile_Pulsa\\Reports\\AutoplacedMweb_Reguler\\TS_12_Autoplaced_BRI_e-PayBRI\\20181017_105428\\execution0.log"/>
         <property name="attachments" value=""/>
         <property name="hostName" value="cipta.andhika - CIPTA-E460.ad.metraplasa.co.id"/>
         <property name="os" value="Windows 10 64bit"/>
         <property name="katalonVersion" value="5.8.0.1"/>
         <property name="browser" value="Chrome 65.0.3302.0"/>
         <property name="hostAddress" value="10.10.99.0"/>
         <property name="sessionId" value="897ce67f3fa917b3aa3a637468a7a671"/>
         <property name="seleniumVersion" value="3.7.1"/>
         <property name="proxyInformation" value="ProxyInformation{proxyOption=NO_PROXY, proxyServerType=HTTP, password=, proxyServerAddress=, proxyServerPort=0}"/>
         <property name="platform" value="Windows 10"/>
      </properties>
      <testcase name="Test Cases/01_Member/Login_Reguler" classname="Test Cases/01_Member/Login_Reguler" status="PASSED">
         <system-out><![CDATA[2018-10-17 10:54:30 - [TEST_CASE][PASSED] - Test Cases/01_Member/Login_Reguler: Test Cases/01_Member/Login_Reguler

2018-10-17 10:54:31 - [TEST_STEP][PASSED] - openBrowser: Browser is opened with url: ''

2018-10-17 10:54:34 - [MESSAGE][PASSED] - Browser is opened with url: ''

2018-10-17 10:54:34 - [TEST_STEP][PASSED] - navigateToUrl: Navigate to 'https://m.blanja.com/member/login' successfully

2018-10-17 10:54:43 - [MESSAGE][PASSED] - Navigate to 'https://m.blanja.com/member/login' successfully

2018-10-17 10:54:43 - [TEST_STEP][PASSED] - maximizeWindow: Current window maximized

2018-10-17 10:54:44 - [MESSAGE][PASSED] - Current window maximized

2018-10-17 10:54:44 - [TEST_STEP][PASSED] - setText: Text 'testblj2' is set on object 'Object Repository/Member_Login/username'

2018-10-17 10:54:44 - [MESSAGE][PASSED] - Text 'testblj2' is set on object 'Object Repository/Member_Login/username'

2018-10-17 10:54:44 - [TEST_STEP][PASSED] - setText: Text '123qwe' is set on object 'Object Repository/Member_Login/password'

2018-10-17 10:54:44 - [MESSAGE][PASSED] - Text '123qwe' is set on object 'Object Repository/Member_Login/password'

2018-10-17 10:54:44 - [TEST_STEP][PASSED] - click: Object: 'Object Repository/Member_Login/Button_Masuk' is clicked on

2018-10-17 10:54:59 - [MESSAGE][PASSED] - Object: 'Object Repository/Member_Login/Button_Masuk' is clicked on

2018-10-17 10:54:59 - [TEST_STEP][PASSED] - delay: Delayed 2 second(s)

2018-10-17 10:55:01 - [MESSAGE][PASSED] - Delayed 2 second(s)]]></system-out>
         <system-err><![CDATA[]]></system-err>
      </testcase>
      <testcase name="Test Cases/02_PDP/PDP_Reguler" classname="Test Cases/02_PDP/PDP_Reguler" status="PASSED">
         <system-out><![CDATA[2018-10-17 10:55:01 - [TEST_CASE][PASSED] - Test Cases/02_PDP/PDP_Reguler: Test Cases/02_PDP/PDP_Reguler

2018-10-17 10:55:02 - [TEST_STEP][PASSED] - navigateToUrl: Navigate to 'https://m.blanja.com/item/jual-beli-pantene-black-shine-18983897' successfully

2018-10-17 10:55:16 - [MESSAGE][PASSED] - Navigate to 'https://m.blanja.com/item/jual-beli-pantene-black-shine-18983897' successfully

2018-10-17 10:55:16 - [TEST_STEP][PASSED] - delay: Delayed 1 second(s)

2018-10-17 10:55:17 - [MESSAGE][PASSED] - Delayed 1 second(s)

2018-10-17 10:55:17 - [TEST_STEP][PASSED] - click: Object: 'Object Repository/PDP/close_dialog_gojek' is clicked on

2018-10-17 10:55:17 - [MESSAGE][PASSED] - Object: 'Object Repository/PDP/close_dialog_gojek' is clicked on

2018-10-17 10:55:17 - [TEST_STEP][PASSED] - delay: Delayed 2 second(s)

2018-10-17 10:55:19 - [MESSAGE][PASSED] - Delayed 2 second(s)

2018-10-17 10:55:19 - [TEST_STEP][PASSED] - click: Object: 'Object Repository/PDP/Btn_tambah_ketroli' is clicked on

2018-10-17 10:55:19 - [MESSAGE][PASSED] - Object: 'Object Repository/PDP/Btn_tambah_ketroli' is clicked on

2018-10-17 10:55:19 - [TEST_STEP][PASSED] - delay: Delayed 2 second(s)

2018-10-17 10:55:21 - [MESSAGE][PASSED] - Delayed 2 second(s)

2018-10-17 10:55:21 - [TEST_STEP][PASSED] - click: Object: 'Object Repository/PDP/Btn_ke_pembayaran' is clicked on

2018-10-17 10:55:25 - [MESSAGE][PASSED] - Object: 'Object Repository/PDP/Btn_ke_pembayaran' is clicked on

2018-10-17 10:55:25 - [TEST_STEP][PASSED] - delay: Delayed 2 second(s)

2018-10-17 10:55:27 - [MESSAGE][PASSED] - Delayed 2 second(s)

2018-10-17 10:55:27 - [TEST_STEP][PASSED] - click: Object: 'Object Repository/PDP/Btn_Pembayaran' is clicked on

2018-10-17 10:55:31 - [MESSAGE][PASSED] - Object: 'Object Repository/PDP/Btn_Pembayaran' is clicked on]]></system-out>
         <system-err><![CDATA[]]></system-err>
      </testcase>
      <testcase name="Test Cases/03_Trade/ChooseMethodPaymentMobileReguler/TC_12_ChooseMethodPayment_BRI_e-PayBRI" classname="Test Cases/03_Trade/ChooseMethodPaymentMobileReguler/TC_12_ChooseMethodPayment_BRI_e-PayBRI" status="PASSED">
         <system-out><![CDATA[2018-10-17 10:55:31 - [TEST_CASE][PASSED] - Test Cases/03_Trade/ChooseMethodPaymentMobileReguler/TC_12_ChooseMethodPayment_BRI_e-PayBRI: Test Cases/03_Trade/ChooseMethodPaymentMobileReguler/TC_12_ChooseMethodPayment_BRI_e-PayBRI

2018-10-17 10:55:31 - [TEST_STEP][PASSED] - selectOptionByLabel: All options with label 'Kurir Standar' are selected in object 'Object Repository/Jasa_Pengiriman/Pilih_Pengiriman' 

2018-10-17 10:55:32 - [MESSAGE][PASSED] - All options with label 'Kurir Standar' are selected in object 'Object Repository/Jasa_Pengiriman/Pilih_Pengiriman' 

2018-10-17 10:55:32 - [TEST_STEP][PASSED] - delay: Delayed 1 second(s)

2018-10-17 10:55:33 - [MESSAGE][PASSED] - Delayed 1 second(s)

2018-10-17 10:55:33 - [TEST_STEP][PASSED] - click: Object: 'Object Repository/Trade_Payment_Method/Click_Bank/ClickBank/Click_03_BRI' is clicked on

2018-10-17 10:55:33 - [MESSAGE][PASSED] - Object: 'Object Repository/Trade_Payment_Method/Click_Bank/ClickBank/Click_03_BRI' is clicked on

2018-10-17 10:55:33 - [TEST_STEP][PASSED] - delay: Delayed 1 second(s)

2018-10-17 10:55:34 - [MESSAGE][PASSED] - Delayed 1 second(s)

2018-10-17 10:55:34 - [TEST_STEP][PASSED] - click: Object: 'Object Repository/Trade_Payment_Method/Click_Bank/BRI_Reguler/Click_11_BRI_e-PayBRI' is clicked on

2018-10-17 10:55:34 - [MESSAGE][PASSED] - Object: 'Object Repository/Trade_Payment_Method/Click_Bank/BRI_Reguler/Click_11_BRI_e-PayBRI' is clicked on

2018-10-17 10:55:34 - [TEST_STEP][PASSED] - blj.common.report.Autoplaced.AppendToBlanjaAutoplacedReport: blj.common.report.Autoplaced.AppendToBlanjaAutoplacedReport is PASSED

2018-10-17 10:55:34 - [MESSAGE][PASSED] - blj.common.report.Autoplaced.AppendToBlanjaAutoplacedReport is PASSED]]></system-out>
         <system-err><![CDATA[]]></system-err>
      </testcase>
      <system-out><![CDATA[2018-10-17 10:54:30 - [TEST_SUITE][PASSED] - TS_12_Autoplaced_BRI_e-PayBRI: Test Cases/03_Trade/ChooseMethodPaymentMobileReguler/TC_12_ChooseMethodPayment_BRI_e-PayBRI]]></system-out>
      <system-err><![CDATA[]]></system-err>
   </testsuite>
</testsuites>
