<?xml version="1.0" encoding="UTF-8"?>
<testsuites name="TS_05_Autoplaced_BNI_VirtualAccount" time="28" tests="3" failures="0" errors="0">
   <testsuite name="TS_05_Autoplaced_BNI_VirtualAccount" tests="3" failures="0" errors="0" time="28" timestamp="2018-10-11 10:33:56" hostname="cipta.andhika - CIPTA-E460.ad.metraplasa.co.id" id="Test Suites/AutoplacedMobile_Pulsa/TS_05_Autoplaced_BNI_VirtualAccount">
      <properties>
         <property name="deviceName" value=""/>
         <property name="devicePlatform" value=""/>
         <property name="logFolder" value="C:\\Users\\cipta.andhika\\Katalon Studio\\Blanja_Mobile_Pulsa\\Reports\\AutoplacedMobile_Pulsa\\TS_05_Autoplaced_BNI_VirtualAccount\\20181011_103354"/>
         <property name="logFiles" value="C:\\Users\\cipta.andhika\\Katalon Studio\\Blanja_Mobile_Pulsa\\Reports\\AutoplacedMobile_Pulsa\\TS_05_Autoplaced_BNI_VirtualAccount\\20181011_103354\\execution0.log"/>
         <property name="attachments" value=""/>
         <property name="hostName" value="cipta.andhika - CIPTA-E460.ad.metraplasa.co.id"/>
         <property name="os" value="Windows 10 64bit"/>
         <property name="katalonVersion" value="5.8.0.1"/>
         <property name="browser" value="Chrome 65.0.3302.0"/>
         <property name="hostAddress" value="10.10.99.244"/>
         <property name="sessionId" value="c261dd22da25f72630b39e9bb71faaf7"/>
         <property name="seleniumVersion" value="3.7.1"/>
         <property name="proxyInformation" value="ProxyInformation{proxyOption=NO_PROXY, proxyServerType=HTTP, password=, proxyServerAddress=, proxyServerPort=0}"/>
         <property name="platform" value="Windows 10"/>
      </properties>
      <testcase name="Test Cases/01_Member/Login Mobile" classname="Test Cases/01_Member/Login Mobile" status="PASSED">
         <system-out><![CDATA[2018-10-11 10:33:57 - [TEST_CASE][PASSED] - Test Cases/01_Member/Login Mobile: Test Cases/01_Member/Login Mobile

2018-10-11 10:33:58 - [TEST_STEP][PASSED] - openBrowser: Browser is opened with url: ''

2018-10-11 10:34:02 - [MESSAGE][PASSED] - Browser is opened with url: ''

2018-10-11 10:34:02 - [TEST_STEP][PASSED] - navigateToUrl: Navigate to 'https://m.blanja.com/member/login' successfully

2018-10-11 10:34:05 - [MESSAGE][PASSED] - Navigate to 'https://m.blanja.com/member/login' successfully

2018-10-11 10:34:05 - [TEST_STEP][PASSED] - setText: Text 'testblj2' is set on object 'Object Repository/Member_Login/username'

2018-10-11 10:34:05 - [MESSAGE][PASSED] - Text 'testblj2' is set on object 'Object Repository/Member_Login/username'

2018-10-11 10:34:05 - [TEST_STEP][PASSED] - setText: Text '123qwe' is set on object 'Object Repository/Member_Login/password'

2018-10-11 10:34:06 - [MESSAGE][PASSED] - Text '123qwe' is set on object 'Object Repository/Member_Login/password'

2018-10-11 10:34:06 - [TEST_STEP][PASSED] - click: Object: 'Object Repository/Member_Login/Button_Masuk' is clicked on

2018-10-11 10:34:07 - [MESSAGE][PASSED] - Object: 'Object Repository/Member_Login/Button_Masuk' is clicked on

2018-10-11 10:34:07 - [TEST_STEP][PASSED] - delay: Delayed 2 second(s)

2018-10-11 10:34:09 - [MESSAGE][PASSED] - Delayed 2 second(s)

2018-10-11 10:34:09 - [TEST_STEP][PASSED] - navigateToUrl: Navigate to 'https://m.blanja.com/top-up/pulsa' successfully

2018-10-11 10:34:11 - [MESSAGE][PASSED] - Navigate to 'https://m.blanja.com/top-up/pulsa' successfully

2018-10-11 10:34:11 - [TEST_STEP][PASSED] - delay: Delayed 2 second(s)

2018-10-11 10:34:13 - [MESSAGE][PASSED] - Delayed 2 second(s)

2018-10-11 10:34:13 - [TEST_STEP][PASSED] - setText: Text '081289138338' is set on object 'Object Repository/Pulsa_Mobile/nmr_hp'

2018-10-11 10:34:13 - [MESSAGE][PASSED] - Text '081289138338' is set on object 'Object Repository/Pulsa_Mobile/nmr_hp'

2018-10-11 10:34:13 - [TEST_STEP][PASSED] - delay: Delayed 2 second(s)

2018-10-11 10:34:15 - [MESSAGE][PASSED] - Delayed 2 second(s)

2018-10-11 10:34:15 - [TEST_STEP][PASSED] - click: Object: 'Object Repository/Pulsa_Mobile/Pilih_nominal' is clicked on

2018-10-11 10:34:16 - [MESSAGE][PASSED] - Object: 'Object Repository/Pulsa_Mobile/Pilih_nominal' is clicked on

2018-10-11 10:34:16 - [TEST_STEP][PASSED] - delay: Delayed 1 second(s)

2018-10-11 10:34:17 - [MESSAGE][PASSED] - Delayed 1 second(s)

2018-10-11 10:34:17 - [TEST_STEP][PASSED] - click: Object: 'Object Repository/Pulsa_Mobile/Nominal' is clicked on

2018-10-11 10:34:17 - [MESSAGE][PASSED] - Object: 'Object Repository/Pulsa_Mobile/Nominal' is clicked on

2018-10-11 10:34:17 - [TEST_STEP][PASSED] - delay: Delayed 1 second(s)

2018-10-11 10:34:18 - [MESSAGE][PASSED] - Delayed 1 second(s)

2018-10-11 10:34:18 - [TEST_STEP][PASSED] - click: Object: 'Object Repository/Pulsa_Mobile/Blanja_Sekarang' is clicked on

2018-10-11 10:34:19 - [MESSAGE][PASSED] - Object: 'Object Repository/Pulsa_Mobile/Blanja_Sekarang' is clicked on

2018-10-11 10:34:19 - [TEST_STEP][PASSED] - delay: Delayed 1 second(s)

2018-10-11 10:34:20 - [MESSAGE][PASSED] - Delayed 1 second(s)]]></system-out>
         <system-err><![CDATA[]]></system-err>
      </testcase>
      <testcase name="Test Cases/02_ChooseMethodPaymentMobilePulsa/TC_05_ChooseMethodPayment_BNI_VirtualAccount" classname="Test Cases/02_ChooseMethodPaymentMobilePulsa/TC_05_ChooseMethodPayment_BNI_VirtualAccount" status="PASSED">
         <system-out><![CDATA[2018-10-11 10:34:20 - [TEST_CASE][PASSED] - Test Cases/02_ChooseMethodPaymentMobilePulsa/TC_05_ChooseMethodPayment_BNI_VirtualAccount: Test Cases/02_ChooseMethodPaymentMobilePulsa/TC_05_ChooseMethodPayment_BNI_VirtualAccount

2018-10-11 10:34:20 - [TEST_STEP][PASSED] - click: Object: 'Object Repository/Trade_Payment_Method/Click_Bank/ClickBank/Click_02_BNI' is clicked on

2018-10-11 10:34:21 - [MESSAGE][PASSED] - Object: 'Object Repository/Trade_Payment_Method/Click_Bank/ClickBank/Click_02_BNI' is clicked on

2018-10-11 10:34:21 - [TEST_STEP][PASSED] - delay: Delayed 1 second(s)

2018-10-11 10:34:22 - [MESSAGE][PASSED] - Delayed 1 second(s)

2018-10-11 10:34:22 - [TEST_STEP][PASSED] - click: Object: 'Object Repository/Trade_Payment_Method/Click_Bank/BNI/Click_5_BNI_VirtualAccount' is clicked on

2018-10-11 10:34:22 - [MESSAGE][PASSED] - Object: 'Object Repository/Trade_Payment_Method/Click_Bank/BNI/Click_5_BNI_VirtualAccount' is clicked on

2018-10-11 10:34:22 - [TEST_STEP][PASSED] - blj.common.report.Autoplaced.AppendToBlanjaAutoplacedReport: blj.common.report.Autoplaced.AppendToBlanjaAutoplacedReport is PASSED

2018-10-11 10:34:22 - [MESSAGE][PASSED] - blj.common.report.Autoplaced.AppendToBlanjaAutoplacedReport is PASSED]]></system-out>
         <system-err><![CDATA[]]></system-err>
      </testcase>
      <testcase name="Test Cases/02_ChooseMethodPaymentMobilePulsa/TC_ClickCheckout_GetLastOrderID_ExportTo_Blanja_Autoplaced" classname="Test Cases/02_ChooseMethodPaymentMobilePulsa/TC_ClickCheckout_GetLastOrderID_ExportTo_Blanja_Autoplaced" status="PASSED">
         <system-out><![CDATA[2018-10-11 10:34:22 - [TEST_CASE][PASSED] - Test Cases/02_ChooseMethodPaymentMobilePulsa/TC_ClickCheckout_GetLastOrderID_ExportTo_Blanja_Autoplaced: Test Cases/02_ChooseMethodPaymentMobilePulsa/TC_ClickCheckout_GetLastOrderID_ExportTo_Blanja_Autoplaced

2018-10-11 10:34:22 - [TEST_STEP][PASSED] - click: Object: 'Object Repository/Trade_Payment_Method/input_checkOut' is clicked on

2018-10-11 10:34:23 - [MESSAGE][PASSED] - Object: 'Object Repository/Trade_Payment_Method/input_checkOut' is clicked on

2018-10-11 10:34:23 - [TEST_STEP][PASSED] - navigateToUrl: Navigate to 'https://m.blanja.com/mobile/trades/index' successfully

2018-10-11 10:34:23 - [MESSAGE][PASSED] - Navigate to 'https://m.blanja.com/mobile/trades/index' successfully

2018-10-11 10:34:23 - [TEST_STEP][PASSED] - Statement - orderNumber = " - " + com.kms.katalon.core.webui.keyword.WebUiBuiltInKeywords.getText(com.kms.katalon.core.testobject.ObjectRepository.findTestObject(Member_BlanjaanSaya/Label_FirstOrderNumber)): Text of object 'Object Repository/Member_BlanjaanSaya/Label_FirstOrderNumber' is: 'No. Order : 418680234238023019
11 Okt 2018 10:34
Telkomsel Pulsa Rp 25.000
Nilai Top Up : 25000, Provider : Simpati 
Rp 25.200 x 1'

2018-10-11 10:34:24 - [MESSAGE][PASSED] - Text of object 'Object Repository/Member_BlanjaanSaya/Label_FirstOrderNumber' is: 'No. Order : 418680234238023019
11 Okt 2018 10:34
Telkomsel Pulsa Rp 25.000
Nilai Top Up : 25000, Provider : Simpati 
Rp 25.200 x 1'

2018-10-11 10:34:24 - [TEST_STEP][PASSED] - blj.common.report.Autoplaced.AppendToBlanjaAutoplacedReport: blj.common.report.Autoplaced.AppendToBlanjaAutoplacedReport is PASSED

2018-10-11 10:34:24 - [MESSAGE][PASSED] - blj.common.report.Autoplaced.AppendToBlanjaAutoplacedReport is PASSED

2018-10-11 10:34:24 - [TEST_STEP][PASSED] - blj.common.report.Autoplaced.AppendToBlanjaAutoplacedReport: blj.common.report.Autoplaced.AppendToBlanjaAutoplacedReport is PASSED

2018-10-11 10:34:24 - [MESSAGE][PASSED] - blj.common.report.Autoplaced.AppendToBlanjaAutoplacedReport is PASSED]]></system-out>
         <system-err><![CDATA[]]></system-err>
      </testcase>
      <system-out><![CDATA[2018-10-11 10:33:56 - [TEST_SUITE][PASSED] - TS_05_Autoplaced_BNI_VirtualAccount: Test Cases/02_ChooseMethodPaymentMobilePulsa/TC_ClickCheckout_GetLastOrderID_ExportTo_Blanja_Autoplaced]]></system-out>
      <system-err><![CDATA[]]></system-err>
   </testsuite>
</testsuites>
