<?xml version="1.0" encoding="UTF-8"?>
<testsuites name="TS_11_Autoplaced_BRI_BankTransfer" time="46" tests="4" failures="0" errors="0">
   <testsuite name="TS_11_Autoplaced_BRI_BankTransfer" tests="4" failures="0" errors="0" time="46" timestamp="2018-10-16 10:48:26" hostname="cipta.andhika - CIPTA-E460.ad.metraplasa.co.id" id="Test Suites/AutoplacedMweb_Reguler/TS_11_Autoplaced_BRI_BankTransfer">
      <properties>
         <property name="deviceName" value=""/>
         <property name="devicePlatform" value=""/>
         <property name="logFolder" value="C:\\Users\\cipta.andhika\\Katalon Studio\\Blanja_Mobile_Pulsa\\Reports\\AutoplacedMweb_Reguler\\TS_11_Autoplaced_BRI_BankTransfer\\20181016_104824"/>
         <property name="logFiles" value="C:\\Users\\cipta.andhika\\Katalon Studio\\Blanja_Mobile_Pulsa\\Reports\\AutoplacedMweb_Reguler\\TS_11_Autoplaced_BRI_BankTransfer\\20181016_104824\\execution0.log"/>
         <property name="attachments" value=""/>
         <property name="hostName" value="cipta.andhika - CIPTA-E460.ad.metraplasa.co.id"/>
         <property name="os" value="Windows 10 64bit"/>
         <property name="katalonVersion" value="5.8.0.1"/>
         <property name="browser" value="Chrome 65.0.3302.0"/>
         <property name="hostAddress" value="10.10.99.244"/>
         <property name="sessionId" value="91efc553308f44080ec304341599739f"/>
         <property name="seleniumVersion" value="3.7.1"/>
         <property name="proxyInformation" value="ProxyInformation{proxyOption=NO_PROXY, proxyServerType=HTTP, password=, proxyServerAddress=, proxyServerPort=0}"/>
         <property name="platform" value="Windows 10"/>
      </properties>
      <testcase name="Test Cases/01_Member/Login_Reguler" classname="Test Cases/01_Member/Login_Reguler" status="PASSED">
         <system-out><![CDATA[2018-10-16 10:48:27 - [TEST_CASE][PASSED] - Test Cases/01_Member/Login_Reguler: Test Cases/01_Member/Login_Reguler

2018-10-16 10:48:27 - [TEST_STEP][PASSED] - openBrowser: Browser is opened with url: ''

2018-10-16 10:48:31 - [MESSAGE][PASSED] - Browser is opened with url: ''

2018-10-16 10:48:31 - [TEST_STEP][PASSED] - navigateToUrl: Navigate to 'https://m.blanja.com/member/login' successfully

2018-10-16 10:48:34 - [MESSAGE][PASSED] - Navigate to 'https://m.blanja.com/member/login' successfully

2018-10-16 10:48:34 - [TEST_STEP][PASSED] - setText: Text 'testblj2' is set on object 'Object Repository/Member_Login/username'

2018-10-16 10:48:34 - [MESSAGE][PASSED] - Text 'testblj2' is set on object 'Object Repository/Member_Login/username'

2018-10-16 10:48:34 - [TEST_STEP][PASSED] - setText: Text '123qwe' is set on object 'Object Repository/Member_Login/password'

2018-10-16 10:48:35 - [MESSAGE][PASSED] - Text '123qwe' is set on object 'Object Repository/Member_Login/password'

2018-10-16 10:48:35 - [TEST_STEP][PASSED] - click: Object: 'Object Repository/Member_Login/Button_Masuk' is clicked on

2018-10-16 10:48:41 - [MESSAGE][PASSED] - Object: 'Object Repository/Member_Login/Button_Masuk' is clicked on

2018-10-16 10:48:41 - [TEST_STEP][PASSED] - delay: Delayed 2 second(s)

2018-10-16 10:48:43 - [MESSAGE][PASSED] - Delayed 2 second(s)]]></system-out>
         <system-err><![CDATA[]]></system-err>
      </testcase>
      <testcase name="Test Cases/02_PDP/PDP_Reguler" classname="Test Cases/02_PDP/PDP_Reguler" status="PASSED">
         <system-out><![CDATA[2018-10-16 10:48:43 - [TEST_CASE][PASSED] - Test Cases/02_PDP/PDP_Reguler: Test Cases/02_PDP/PDP_Reguler

2018-10-16 10:48:43 - [TEST_STEP][PASSED] - navigateToUrl: Navigate to 'https://m.blanja.com/item/jual-beli-pantene-black-shine-18983897' successfully

2018-10-16 10:48:45 - [MESSAGE][PASSED] - Navigate to 'https://m.blanja.com/item/jual-beli-pantene-black-shine-18983897' successfully

2018-10-16 10:48:45 - [TEST_STEP][PASSED] - delay: Delayed 2 second(s)

2018-10-16 10:48:48 - [MESSAGE][PASSED] - Delayed 2 second(s)

2018-10-16 10:48:48 - [TEST_STEP][PASSED] - click: Object: 'Object Repository/PDP/close_dialog_gojek' is clicked on

2018-10-16 10:48:48 - [MESSAGE][PASSED] - Object: 'Object Repository/PDP/close_dialog_gojek' is clicked on

2018-10-16 10:48:48 - [TEST_STEP][PASSED] - delay: Delayed 2 second(s)

2018-10-16 10:48:50 - [MESSAGE][PASSED] - Delayed 2 second(s)

2018-10-16 10:48:50 - [TEST_STEP][PASSED] - click: Object: 'Object Repository/PDP/Btn_tambah_ketroli' is clicked on

2018-10-16 10:48:50 - [MESSAGE][PASSED] - Object: 'Object Repository/PDP/Btn_tambah_ketroli' is clicked on

2018-10-16 10:48:50 - [TEST_STEP][PASSED] - delay: Delayed 2 second(s)

2018-10-16 10:48:52 - [MESSAGE][PASSED] - Delayed 2 second(s)

2018-10-16 10:48:52 - [TEST_STEP][PASSED] - click: Object: 'Object Repository/PDP/Btn_ke_pembayaran' is clicked on

2018-10-16 10:48:54 - [MESSAGE][PASSED] - Object: 'Object Repository/PDP/Btn_ke_pembayaran' is clicked on

2018-10-16 10:48:54 - [TEST_STEP][PASSED] - delay: Delayed 2 second(s)

2018-10-16 10:48:56 - [MESSAGE][PASSED] - Delayed 2 second(s)

2018-10-16 10:48:56 - [TEST_STEP][PASSED] - click: Object: 'Object Repository/PDP/Btn_Pembayaran' is clicked on

2018-10-16 10:49:04 - [MESSAGE][PASSED] - Object: 'Object Repository/PDP/Btn_Pembayaran' is clicked on]]></system-out>
         <system-err><![CDATA[]]></system-err>
      </testcase>
      <testcase name="Test Cases/03_Trade/ChooseMethodPaymentMobileReguler/TC_11_ChooseMethodPayment_BRI_BankTransfer" classname="Test Cases/03_Trade/ChooseMethodPaymentMobileReguler/TC_11_ChooseMethodPayment_BRI_BankTransfer" status="PASSED">
         <system-out><![CDATA[2018-10-16 10:49:04 - [TEST_CASE][PASSED] - Test Cases/03_Trade/ChooseMethodPaymentMobileReguler/TC_11_ChooseMethodPayment_BRI_BankTransfer: Test Cases/03_Trade/ChooseMethodPaymentMobileReguler/TC_11_ChooseMethodPayment_BRI_BankTransfer

2018-10-16 10:49:04 - [TEST_STEP][PASSED] - click: Object: 'Object Repository/Jasa_Pengiriman/Pilih_Pengiriman' is clicked on

2018-10-16 10:49:04 - [MESSAGE][PASSED] - Object: 'Object Repository/Jasa_Pengiriman/Pilih_Pengiriman' is clicked on

2018-10-16 10:49:04 - [TEST_STEP][PASSED] - delay: Delayed 1 second(s)

2018-10-16 10:49:05 - [MESSAGE][PASSED] - Delayed 1 second(s)

2018-10-16 10:49:05 - [TEST_STEP][PASSED] - click: Object: 'Object Repository/Jasa_Pengiriman/KurirStandar' is clicked on

2018-10-16 10:49:06 - [MESSAGE][PASSED] - Object: 'Object Repository/Jasa_Pengiriman/KurirStandar' is clicked on

2018-10-16 10:49:06 - [TEST_STEP][PASSED] - delay: Delayed 1 second(s)

2018-10-16 10:49:07 - [MESSAGE][PASSED] - Delayed 1 second(s)

2018-10-16 10:49:07 - [TEST_STEP][PASSED] - click: Object: 'Object Repository/Trade_Payment_Method/Click_Bank/ClickBank/Click_03_BRI' is clicked on

2018-10-16 10:49:07 - [MESSAGE][PASSED] - Object: 'Object Repository/Trade_Payment_Method/Click_Bank/ClickBank/Click_03_BRI' is clicked on

2018-10-16 10:49:07 - [TEST_STEP][PASSED] - delay: Delayed 1 second(s)

2018-10-16 10:49:08 - [MESSAGE][PASSED] - Delayed 1 second(s)

2018-10-16 10:49:08 - [TEST_STEP][PASSED] - click: Object: 'Object Repository/Trade_Payment_Method/Click_Bank/BRI_Reguler/Click_10_BRI_BankTransfer' is clicked on

2018-10-16 10:49:08 - [MESSAGE][PASSED] - Object: 'Object Repository/Trade_Payment_Method/Click_Bank/BRI_Reguler/Click_10_BRI_BankTransfer' is clicked on

2018-10-16 10:49:08 - [TEST_STEP][PASSED] - blj.common.report.Autoplaced.AppendToBlanjaAutoplacedReport: blj.common.report.Autoplaced.AppendToBlanjaAutoplacedReport is PASSED

2018-10-16 10:49:08 - [MESSAGE][PASSED] - blj.common.report.Autoplaced.AppendToBlanjaAutoplacedReport is PASSED]]></system-out>
         <system-err><![CDATA[]]></system-err>
      </testcase>
      <testcase name="Test Cases/03_Trade/ChooseMethodPaymentMobileReguler/TC_ClickCheckout_GetLastOrderID_ExportTo_Blanja_Autoplaced" classname="Test Cases/03_Trade/ChooseMethodPaymentMobileReguler/TC_ClickCheckout_GetLastOrderID_ExportTo_Blanja_Autoplaced" status="PASSED">
         <system-out><![CDATA[2018-10-16 10:49:08 - [TEST_CASE][PASSED] - Test Cases/03_Trade/ChooseMethodPaymentMobileReguler/TC_ClickCheckout_GetLastOrderID_ExportTo_Blanja_Autoplaced: Test Cases/03_Trade/ChooseMethodPaymentMobileReguler/TC_ClickCheckout_GetLastOrderID_ExportTo_Blanja_Autoplaced

2018-10-16 10:49:08 - [TEST_STEP][PASSED] - delay: Delayed 1 second(s)

2018-10-16 10:49:09 - [MESSAGE][PASSED] - Delayed 1 second(s)

2018-10-16 10:49:09 - [TEST_STEP][PASSED] - click: Object: 'Object Repository/Trade_Payment_Method/input_checkOut_Reguler' is clicked on

2018-10-16 10:49:10 - [MESSAGE][PASSED] - Object: 'Object Repository/Trade_Payment_Method/input_checkOut_Reguler' is clicked on

2018-10-16 10:49:10 - [TEST_STEP][PASSED] - navigateToUrl: Navigate to 'https://m.blanja.com/mobile/trades/index' successfully

2018-10-16 10:49:11 - [MESSAGE][PASSED] - Navigate to 'https://m.blanja.com/mobile/trades/index' successfully

2018-10-16 10:49:11 - [TEST_STEP][PASSED] - Statement - orderNumber = " - " + com.kms.katalon.core.webui.keyword.WebUiBuiltInKeywords.getText(com.kms.katalon.core.testobject.ObjectRepository.findTestObject(Member_BlanjaanSaya/Label_FirstOrderNumber)): Text of object 'Object Repository/Member_BlanjaanSaya/Label_FirstOrderNumber' is: 'No. Order : 418692154435284019
16 Okt 2018 09:54
Pantene Black Shine
 '

2018-10-16 10:49:12 - [MESSAGE][PASSED] - Text of object 'Object Repository/Member_BlanjaanSaya/Label_FirstOrderNumber' is: 'No. Order : 418692154435284019
16 Okt 2018 09:54
Pantene Black Shine
 '

2018-10-16 10:49:12 - [TEST_STEP][PASSED] - blj.common.report.Autoplaced.AppendToBlanjaAutoplacedReport: blj.common.report.Autoplaced.AppendToBlanjaAutoplacedReport is PASSED

2018-10-16 10:49:12 - [MESSAGE][PASSED] - blj.common.report.Autoplaced.AppendToBlanjaAutoplacedReport is PASSED

2018-10-16 10:49:12 - [TEST_STEP][PASSED] - blj.common.report.Autoplaced.AppendToBlanjaAutoplacedReport: blj.common.report.Autoplaced.AppendToBlanjaAutoplacedReport is PASSED

2018-10-16 10:49:12 - [MESSAGE][PASSED] - blj.common.report.Autoplaced.AppendToBlanjaAutoplacedReport is PASSED]]></system-out>
         <system-err><![CDATA[]]></system-err>
      </testcase>
      <system-out><![CDATA[2018-10-16 10:48:26 - [TEST_SUITE][PASSED] - TS_11_Autoplaced_BRI_BankTransfer: Test Cases/03_Trade/ChooseMethodPaymentMobileReguler/TC_ClickCheckout_GetLastOrderID_ExportTo_Blanja_Autoplaced]]></system-out>
      <system-err><![CDATA[]]></system-err>
   </testsuite>
</testsuites>
