<?xml version="1.0" encoding="UTF-8"?>
<testsuites name="TS_20_Autoplaced_BankTransfer" time="24" tests="3" failures="0" errors="0">
   <testsuite name="TS_20_Autoplaced_BankTransfer" tests="3" failures="0" errors="0" time="24" timestamp="2018-10-11 14:32:06" hostname="cipta.andhika - CIPTA-E460.ad.metraplasa.co.id" id="Test Suites/AutoplacedMobile_Pulsa/TS_20_Autoplaced_BankTransfer">
      <properties>
         <property name="deviceName" value=""/>
         <property name="devicePlatform" value=""/>
         <property name="logFolder" value="C:\\Users\\cipta.andhika\\Katalon Studio\\Blanja_Mobile_Pulsa\\Reports\\AutoplacedMobile_Pulsa\\TS_20_Autoplaced_BankTransfer\\20181011_143204"/>
         <property name="logFiles" value="C:\\Users\\cipta.andhika\\Katalon Studio\\Blanja_Mobile_Pulsa\\Reports\\AutoplacedMobile_Pulsa\\TS_20_Autoplaced_BankTransfer\\20181011_143204\\execution0.log"/>
         <property name="attachments" value=""/>
         <property name="hostName" value="cipta.andhika - CIPTA-E460.ad.metraplasa.co.id"/>
         <property name="os" value="Windows 10 64bit"/>
         <property name="katalonVersion" value="5.8.0.1"/>
         <property name="browser" value="Chrome 65.0.3302.0"/>
         <property name="hostAddress" value="10.10.99.244"/>
         <property name="sessionId" value="69dcbe927758067fc4a06e5eadc44979"/>
         <property name="seleniumVersion" value="3.7.1"/>
         <property name="proxyInformation" value="ProxyInformation{proxyOption=NO_PROXY, proxyServerType=HTTP, password=, proxyServerAddress=, proxyServerPort=0}"/>
         <property name="platform" value="Windows 10"/>
      </properties>
      <testcase name="Test Cases/01_Member/Login Mobile" classname="Test Cases/01_Member/Login Mobile" status="PASSED">
         <system-out><![CDATA[2018-10-11 14:32:07 - [TEST_CASE][PASSED] - Test Cases/01_Member/Login Mobile: Test Cases/01_Member/Login Mobile

2018-10-11 14:32:07 - [TEST_STEP][PASSED] - openBrowser: Browser is opened with url: ''

2018-10-11 14:32:10 - [MESSAGE][PASSED] - Browser is opened with url: ''

2018-10-11 14:32:10 - [TEST_STEP][PASSED] - navigateToUrl: Navigate to 'https://m.blanja.com/member/login' successfully

2018-10-11 14:32:14 - [MESSAGE][PASSED] - Navigate to 'https://m.blanja.com/member/login' successfully

2018-10-11 14:32:14 - [TEST_STEP][PASSED] - setText: Text 'testblj2' is set on object 'Object Repository/Member_Login/username'

2018-10-11 14:32:14 - [MESSAGE][PASSED] - Text 'testblj2' is set on object 'Object Repository/Member_Login/username'

2018-10-11 14:32:14 - [TEST_STEP][PASSED] - setText: Text '123qwe' is set on object 'Object Repository/Member_Login/password'

2018-10-11 14:32:14 - [MESSAGE][PASSED] - Text '123qwe' is set on object 'Object Repository/Member_Login/password'

2018-10-11 14:32:14 - [TEST_STEP][PASSED] - click: Object: 'Object Repository/Member_Login/Button_Masuk' is clicked on

2018-10-11 14:32:15 - [MESSAGE][PASSED] - Object: 'Object Repository/Member_Login/Button_Masuk' is clicked on

2018-10-11 14:32:15 - [TEST_STEP][PASSED] - delay: Delayed 2 second(s)

2018-10-11 14:32:17 - [MESSAGE][PASSED] - Delayed 2 second(s)

2018-10-11 14:32:17 - [TEST_STEP][PASSED] - navigateToUrl: Navigate to 'https://m.blanja.com/top-up/pulsa' successfully

2018-10-11 14:32:19 - [MESSAGE][PASSED] - Navigate to 'https://m.blanja.com/top-up/pulsa' successfully

2018-10-11 14:32:19 - [TEST_STEP][PASSED] - delay: Delayed 2 second(s)

2018-10-11 14:32:21 - [MESSAGE][PASSED] - Delayed 2 second(s)

2018-10-11 14:32:21 - [TEST_STEP][PASSED] - setText: Text '081289138338' is set on object 'Object Repository/Pulsa_Mobile/nmr_hp'

2018-10-11 14:32:21 - [MESSAGE][PASSED] - Text '081289138338' is set on object 'Object Repository/Pulsa_Mobile/nmr_hp'

2018-10-11 14:32:21 - [TEST_STEP][PASSED] - delay: Delayed 2 second(s)

2018-10-11 14:32:23 - [MESSAGE][PASSED] - Delayed 2 second(s)

2018-10-11 14:32:23 - [TEST_STEP][PASSED] - click: Object: 'Object Repository/Pulsa_Mobile/Pilih_nominal' is clicked on

2018-10-11 14:32:23 - [MESSAGE][PASSED] - Object: 'Object Repository/Pulsa_Mobile/Pilih_nominal' is clicked on

2018-10-11 14:32:23 - [TEST_STEP][PASSED] - delay: Delayed 1 second(s)

2018-10-11 14:32:24 - [MESSAGE][PASSED] - Delayed 1 second(s)

2018-10-11 14:32:24 - [TEST_STEP][PASSED] - click: Object: 'Object Repository/Pulsa_Mobile/Nominal' is clicked on

2018-10-11 14:32:24 - [MESSAGE][PASSED] - Object: 'Object Repository/Pulsa_Mobile/Nominal' is clicked on

2018-10-11 14:32:24 - [TEST_STEP][PASSED] - delay: Delayed 1 second(s)

2018-10-11 14:32:25 - [MESSAGE][PASSED] - Delayed 1 second(s)

2018-10-11 14:32:25 - [TEST_STEP][PASSED] - click: Object: 'Object Repository/Pulsa_Mobile/Blanja_Sekarang' is clicked on

2018-10-11 14:32:26 - [MESSAGE][PASSED] - Object: 'Object Repository/Pulsa_Mobile/Blanja_Sekarang' is clicked on

2018-10-11 14:32:26 - [TEST_STEP][PASSED] - delay: Delayed 1 second(s)

2018-10-11 14:32:27 - [MESSAGE][PASSED] - Delayed 1 second(s)]]></system-out>
         <system-err><![CDATA[]]></system-err>
      </testcase>
      <testcase name="Test Cases/02_ChooseMethodPaymentMobilePulsa/TC_20_ChooseMethodPayment_BankTransfer" classname="Test Cases/02_ChooseMethodPaymentMobilePulsa/TC_20_ChooseMethodPayment_BankTransfer" status="PASSED">
         <system-out><![CDATA[2018-10-11 14:32:27 - [TEST_CASE][PASSED] - Test Cases/02_ChooseMethodPaymentMobilePulsa/TC_20_ChooseMethodPayment_BankTransfer: Test Cases/02_ChooseMethodPaymentMobilePulsa/TC_20_ChooseMethodPayment_BankTransfer

2018-10-11 14:32:27 - [TEST_STEP][PASSED] - click: Object: 'Object Repository/Trade_Payment_Method/Click_Bank/ClickBank/Click_07_BankTransfer' is clicked on

2018-10-11 14:32:27 - [MESSAGE][PASSED] - Object: 'Object Repository/Trade_Payment_Method/Click_Bank/ClickBank/Click_07_BankTransfer' is clicked on

2018-10-11 14:32:27 - [TEST_STEP][PASSED] - blj.common.report.Autoplaced.AppendToBlanjaAutoplacedReport: blj.common.report.Autoplaced.AppendToBlanjaAutoplacedReport is PASSED

2018-10-11 14:32:28 - [MESSAGE][PASSED] - blj.common.report.Autoplaced.AppendToBlanjaAutoplacedReport is PASSED]]></system-out>
         <system-err><![CDATA[]]></system-err>
      </testcase>
      <testcase name="Test Cases/02_ChooseMethodPaymentMobilePulsa/TC_ClickCheckout_GetLastOrderID_ExportTo_Blanja_Autoplaced" classname="Test Cases/02_ChooseMethodPaymentMobilePulsa/TC_ClickCheckout_GetLastOrderID_ExportTo_Blanja_Autoplaced" status="PASSED">
         <system-out><![CDATA[2018-10-11 14:32:28 - [TEST_CASE][PASSED] - Test Cases/02_ChooseMethodPaymentMobilePulsa/TC_ClickCheckout_GetLastOrderID_ExportTo_Blanja_Autoplaced: Test Cases/02_ChooseMethodPaymentMobilePulsa/TC_ClickCheckout_GetLastOrderID_ExportTo_Blanja_Autoplaced

2018-10-11 14:32:28 - [TEST_STEP][PASSED] - click: Object: 'Object Repository/Trade_Payment_Method/input_checkOut' is clicked on

2018-10-11 14:32:28 - [MESSAGE][PASSED] - Object: 'Object Repository/Trade_Payment_Method/input_checkOut' is clicked on

2018-10-11 14:32:28 - [TEST_STEP][PASSED] - navigateToUrl: Navigate to 'https://m.blanja.com/mobile/trades/index' successfully

2018-10-11 14:32:29 - [MESSAGE][PASSED] - Navigate to 'https://m.blanja.com/mobile/trades/index' successfully

2018-10-11 14:32:29 - [TEST_STEP][PASSED] - Statement - orderNumber = " - " + com.kms.katalon.core.webui.keyword.WebUiBuiltInKeywords.getText(com.kms.katalon.core.testobject.ObjectRepository.findTestObject(Member_BlanjaanSaya/Label_FirstOrderNumber)): Text of object 'Object Repository/Member_BlanjaanSaya/Label_FirstOrderNumber' is: 'No. Order : 418680632282923019
11 Okt 2018 14:32'

2018-10-11 14:32:30 - [MESSAGE][PASSED] - Text of object 'Object Repository/Member_BlanjaanSaya/Label_FirstOrderNumber' is: 'No. Order : 418680632282923019
11 Okt 2018 14:32'

2018-10-11 14:32:30 - [TEST_STEP][PASSED] - blj.common.report.Autoplaced.AppendToBlanjaAutoplacedReport: blj.common.report.Autoplaced.AppendToBlanjaAutoplacedReport is PASSED

2018-10-11 14:32:30 - [MESSAGE][PASSED] - blj.common.report.Autoplaced.AppendToBlanjaAutoplacedReport is PASSED

2018-10-11 14:32:30 - [TEST_STEP][PASSED] - blj.common.report.Autoplaced.AppendToBlanjaAutoplacedReport: blj.common.report.Autoplaced.AppendToBlanjaAutoplacedReport is PASSED

2018-10-11 14:32:30 - [MESSAGE][PASSED] - blj.common.report.Autoplaced.AppendToBlanjaAutoplacedReport is PASSED]]></system-out>
         <system-err><![CDATA[]]></system-err>
      </testcase>
      <system-out><![CDATA[2018-10-11 14:32:06 - [TEST_SUITE][PASSED] - TS_20_Autoplaced_BankTransfer: Test Cases/02_ChooseMethodPaymentMobilePulsa/TC_ClickCheckout_GetLastOrderID_ExportTo_Blanja_Autoplaced]]></system-out>
      <system-err><![CDATA[]]></system-err>
   </testsuite>
</testsuites>
