<?xml version="1.0" encoding="UTF-8"?>
<testsuites name="TS_05_Autoplaced_Mandiri_E-Cash" time="31" tests="4" failures="0" errors="0">
   <testsuite name="TS_05_Autoplaced_Mandiri_E-Cash" tests="4" failures="0" errors="0" time="31" timestamp="2018-10-16 16:07:48" hostname="cipta.andhika - CIPTA-E460.ad.metraplasa.co.id" id="Test Suites/AutoplacedMweb_Reguler/TS_05_Autoplaced_Mandiri_E-Cash">
      <properties>
         <property name="deviceName" value=""/>
         <property name="devicePlatform" value=""/>
         <property name="logFolder" value="C:\\Users\\cipta.andhika\\Katalon Studio\\Blanja_Mobile_Pulsa\\Reports\\AutoplacedMweb_Reguler\\TS_05_Autoplaced_Mandiri_E-Cash\\20181016_160527"/>
         <property name="logFiles" value="C:\\Users\\cipta.andhika\\Katalon Studio\\Blanja_Mobile_Pulsa\\Reports\\AutoplacedMweb_Reguler\\TS_05_Autoplaced_Mandiri_E-Cash\\20181016_160527\\execution0.log"/>
         <property name="attachments" value=""/>
         <property name="hostName" value="cipta.andhika - CIPTA-E460.ad.metraplasa.co.id"/>
         <property name="os" value="Windows 10 64bit"/>
         <property name="katalonVersion" value="5.8.0.1"/>
         <property name="browser" value="Chrome 65.0.3302.0"/>
         <property name="hostAddress" value="10.10.99.244"/>
         <property name="sessionId" value="d074df1413c708dc04b95c31c8d70d20"/>
         <property name="seleniumVersion" value="3.7.1"/>
         <property name="proxyInformation" value="ProxyInformation{proxyOption=NO_PROXY, proxyServerType=HTTP, password=, proxyServerAddress=, proxyServerPort=0}"/>
         <property name="platform" value="Windows 10"/>
      </properties>
      <testcase name="Test Cases/01_Member/Login_Reguler" classname="Test Cases/01_Member/Login_Reguler" status="PASSED">
         <system-out><![CDATA[2018-10-16 16:07:48 - [TEST_CASE][PASSED] - Test Cases/01_Member/Login_Reguler: Test Cases/01_Member/Login_Reguler

2018-10-16 16:07:49 - [TEST_STEP][PASSED] - openBrowser: Browser is opened with url: ''

2018-10-16 16:07:52 - [MESSAGE][PASSED] - Browser is opened with url: ''

2018-10-16 16:07:52 - [TEST_STEP][PASSED] - navigateToUrl: Navigate to 'https://m.blanja.com/member/login' successfully

2018-10-16 16:07:55 - [MESSAGE][PASSED] - Navigate to 'https://m.blanja.com/member/login' successfully

2018-10-16 16:07:55 - [TEST_STEP][PASSED] - setText: Text 'testblj2' is set on object 'Object Repository/Member_Login/username'

2018-10-16 16:07:55 - [MESSAGE][PASSED] - Text 'testblj2' is set on object 'Object Repository/Member_Login/username'

2018-10-16 16:07:55 - [TEST_STEP][PASSED] - setText: Text '123qwe' is set on object 'Object Repository/Member_Login/password'

2018-10-16 16:07:55 - [MESSAGE][PASSED] - Text '123qwe' is set on object 'Object Repository/Member_Login/password'

2018-10-16 16:07:55 - [TEST_STEP][PASSED] - click: Object: 'Object Repository/Member_Login/Button_Masuk' is clicked on

2018-10-16 16:07:56 - [MESSAGE][PASSED] - Object: 'Object Repository/Member_Login/Button_Masuk' is clicked on

2018-10-16 16:07:56 - [TEST_STEP][PASSED] - delay: Delayed 2 second(s)

2018-10-16 16:07:58 - [MESSAGE][PASSED] - Delayed 2 second(s)]]></system-out>
         <system-err><![CDATA[]]></system-err>
      </testcase>
      <testcase name="Test Cases/02_PDP/PDP_Reguler" classname="Test Cases/02_PDP/PDP_Reguler" status="PASSED">
         <system-out><![CDATA[2018-10-16 16:07:58 - [TEST_CASE][PASSED] - Test Cases/02_PDP/PDP_Reguler: Test Cases/02_PDP/PDP_Reguler

2018-10-16 16:07:59 - [TEST_STEP][PASSED] - navigateToUrl: Navigate to 'https://m.blanja.com/item/jual-beli-pantene-black-shine-18983897' successfully

2018-10-16 16:08:01 - [MESSAGE][PASSED] - Navigate to 'https://m.blanja.com/item/jual-beli-pantene-black-shine-18983897' successfully

2018-10-16 16:08:01 - [TEST_STEP][PASSED] - delay: Delayed 2 second(s)

2018-10-16 16:08:03 - [MESSAGE][PASSED] - Delayed 2 second(s)

2018-10-16 16:08:03 - [TEST_STEP][PASSED] - click: Object: 'Object Repository/PDP/close_dialog_gojek' is clicked on

2018-10-16 16:08:03 - [MESSAGE][PASSED] - Object: 'Object Repository/PDP/close_dialog_gojek' is clicked on

2018-10-16 16:08:03 - [TEST_STEP][PASSED] - delay: Delayed 2 second(s)

2018-10-16 16:08:05 - [MESSAGE][PASSED] - Delayed 2 second(s)

2018-10-16 16:08:05 - [TEST_STEP][PASSED] - click: Object: 'Object Repository/PDP/Btn_tambah_ketroli' is clicked on

2018-10-16 16:08:05 - [MESSAGE][PASSED] - Object: 'Object Repository/PDP/Btn_tambah_ketroli' is clicked on

2018-10-16 16:08:05 - [TEST_STEP][PASSED] - delay: Delayed 2 second(s)

2018-10-16 16:08:07 - [MESSAGE][PASSED] - Delayed 2 second(s)

2018-10-16 16:08:07 - [TEST_STEP][PASSED] - click: Object: 'Object Repository/PDP/Btn_ke_pembayaran' is clicked on

2018-10-16 16:08:09 - [MESSAGE][PASSED] - Object: 'Object Repository/PDP/Btn_ke_pembayaran' is clicked on

2018-10-16 16:08:09 - [TEST_STEP][PASSED] - delay: Delayed 2 second(s)

2018-10-16 16:08:11 - [MESSAGE][PASSED] - Delayed 2 second(s)

2018-10-16 16:08:11 - [TEST_STEP][PASSED] - click: Object: 'Object Repository/PDP/Btn_Pembayaran' is clicked on

2018-10-16 16:08:13 - [MESSAGE][PASSED] - Object: 'Object Repository/PDP/Btn_Pembayaran' is clicked on]]></system-out>
         <system-err><![CDATA[]]></system-err>
      </testcase>
      <testcase name="Test Cases/03_Trade/ChooseMethodPaymentMobileReguler/TC_05_ChooseMethodPayment_Mandiri_E-Cash" classname="Test Cases/03_Trade/ChooseMethodPaymentMobileReguler/TC_05_ChooseMethodPayment_Mandiri_E-Cash" status="PASSED">
         <system-out><![CDATA[2018-10-16 16:08:13 - [TEST_CASE][PASSED] - Test Cases/03_Trade/ChooseMethodPaymentMobileReguler/TC_05_ChooseMethodPayment_Mandiri_E-Cash: Test Cases/03_Trade/ChooseMethodPaymentMobileReguler/TC_05_ChooseMethodPayment_Mandiri_E-Cash

2018-10-16 16:08:13 - [TEST_STEP][PASSED] - selectOptionByLabel: All options with label 'Kurir Standar' are selected in object 'Object Repository/Jasa_Pengiriman/Pilih_Pengiriman' 

2018-10-16 16:08:14 - [MESSAGE][PASSED] - All options with label 'Kurir Standar' are selected in object 'Object Repository/Jasa_Pengiriman/Pilih_Pengiriman' 

2018-10-16 16:08:14 - [TEST_STEP][PASSED] - delay: Delayed 1 second(s)

2018-10-16 16:08:15 - [MESSAGE][PASSED] - Delayed 1 second(s)

2018-10-16 16:08:15 - [TEST_STEP][PASSED] - click: Object: 'Object Repository/Trade_Payment_Method/Click_Bank/ClickBank/Click_01_Mandiri' is clicked on

2018-10-16 16:08:15 - [MESSAGE][PASSED] - Object: 'Object Repository/Trade_Payment_Method/Click_Bank/ClickBank/Click_01_Mandiri' is clicked on

2018-10-16 16:08:15 - [TEST_STEP][PASSED] - delay: Delayed 1 second(s)

2018-10-16 16:08:16 - [MESSAGE][PASSED] - Delayed 1 second(s)

2018-10-16 16:08:16 - [TEST_STEP][PASSED] - click: Object: 'Object Repository/Trade_Payment_Method/Click_Bank/Mandiri_Reguler/Click_5_Mandiri_E-Cash' is clicked on

2018-10-16 16:08:16 - [MESSAGE][PASSED] - Object: 'Object Repository/Trade_Payment_Method/Click_Bank/Mandiri_Reguler/Click_5_Mandiri_E-Cash' is clicked on

2018-10-16 16:08:16 - [TEST_STEP][PASSED] - blj.common.report.Autoplaced.AppendToBlanjaAutoplacedReport: blj.common.report.Autoplaced.AppendToBlanjaAutoplacedReport is PASSED

2018-10-16 16:08:16 - [MESSAGE][PASSED] - blj.common.report.Autoplaced.AppendToBlanjaAutoplacedReport is PASSED]]></system-out>
         <system-err><![CDATA[]]></system-err>
      </testcase>
      <testcase name="Test Cases/03_Trade/ChooseMethodPaymentMobileReguler/TC_ClickCheckout_GetLastOrderID_ExportTo_Blanja_Autoplaced" classname="Test Cases/03_Trade/ChooseMethodPaymentMobileReguler/TC_ClickCheckout_GetLastOrderID_ExportTo_Blanja_Autoplaced" status="PASSED">
         <system-out><![CDATA[2018-10-16 16:08:16 - [TEST_CASE][PASSED] - Test Cases/03_Trade/ChooseMethodPaymentMobileReguler/TC_ClickCheckout_GetLastOrderID_ExportTo_Blanja_Autoplaced: Test Cases/03_Trade/ChooseMethodPaymentMobileReguler/TC_ClickCheckout_GetLastOrderID_ExportTo_Blanja_Autoplaced

2018-10-16 16:08:16 - [TEST_STEP][PASSED] - delay: Delayed 1 second(s)

2018-10-16 16:08:17 - [MESSAGE][PASSED] - Delayed 1 second(s)

2018-10-16 16:08:17 - [TEST_STEP][PASSED] - click: Object: 'Object Repository/Trade_Payment_Method/input_checkOut_Reguler' is clicked on

2018-10-16 16:08:17 - [MESSAGE][PASSED] - Object: 'Object Repository/Trade_Payment_Method/input_checkOut_Reguler' is clicked on

2018-10-16 16:08:17 - [TEST_STEP][PASSED] - navigateToUrl: Navigate to 'https://m.blanja.com/mobile/trades/index' successfully

2018-10-16 16:08:18 - [MESSAGE][PASSED] - Navigate to 'https://m.blanja.com/mobile/trades/index' successfully

2018-10-16 16:08:18 - [TEST_STEP][PASSED] - Statement - orderNumber = " - " + com.kms.katalon.core.webui.keyword.WebUiBuiltInKeywords.getText(com.kms.katalon.core.testobject.ObjectRepository.findTestObject(Member_BlanjaanSaya/Label_FirstOrderNumber)): Text of object 'Object Repository/Member_BlanjaanSaya/Label_FirstOrderNumber' is: 'No. Order : 418692807443784019
16 Okt 2018 16:07
Pantene Black Shine
  Rp 20.000 x 1'

2018-10-16 16:08:19 - [MESSAGE][PASSED] - Text of object 'Object Repository/Member_BlanjaanSaya/Label_FirstOrderNumber' is: 'No. Order : 418692807443784019
16 Okt 2018 16:07
Pantene Black Shine
  Rp 20.000 x 1'

2018-10-16 16:08:19 - [TEST_STEP][PASSED] - blj.common.report.Autoplaced.AppendToBlanjaAutoplacedReport: blj.common.report.Autoplaced.AppendToBlanjaAutoplacedReport is PASSED

2018-10-16 16:08:19 - [MESSAGE][PASSED] - blj.common.report.Autoplaced.AppendToBlanjaAutoplacedReport is PASSED

2018-10-16 16:08:19 - [TEST_STEP][PASSED] - blj.common.report.Autoplaced.AppendToBlanjaAutoplacedReport: blj.common.report.Autoplaced.AppendToBlanjaAutoplacedReport is PASSED

2018-10-16 16:08:19 - [MESSAGE][PASSED] - blj.common.report.Autoplaced.AppendToBlanjaAutoplacedReport is PASSED]]></system-out>
         <system-err><![CDATA[]]></system-err>
      </testcase>
      <system-out><![CDATA[2018-10-16 16:07:48 - [TEST_SUITE][PASSED] - TS_05_Autoplaced_Mandiri_E-Cash: Test Cases/03_Trade/ChooseMethodPaymentMobileReguler/TC_ClickCheckout_GetLastOrderID_ExportTo_Blanja_Autoplaced]]></system-out>
      <system-err><![CDATA[]]></system-err>
   </testsuite>
</testsuites>
