<?xml version="1.0" encoding="UTF-8"?>
<testsuites name="TS_01_Autoplaced_Mandiri_MandiriDebitOnline" time="27" tests="3" failures="0" errors="0">
   <testsuite name="TS_01_Autoplaced_Mandiri_MandiriDebitOnline" tests="3" failures="0" errors="0" time="27" timestamp="2018-10-10 17:14:21" hostname="cipta.andhika - CIPTA-E460.ad.metraplasa.co.id" id="Test Suites/AutoplacedMobile_Pulsa/TS_01_Autoplaced_Mandiri_MandiriDebitOnline">
      <properties>
         <property name="deviceName" value=""/>
         <property name="devicePlatform" value=""/>
         <property name="logFolder" value="C:\\Users\\cipta.andhika\\Katalon Studio\\Blanja_Mobile_Pulsa\\Reports\\AutoplacedMobile_Pulsa\\TS_01_Autoplaced_Mandiri_MandiriDebitOnline\\20181010_171419"/>
         <property name="logFiles" value="C:\\Users\\cipta.andhika\\Katalon Studio\\Blanja_Mobile_Pulsa\\Reports\\AutoplacedMobile_Pulsa\\TS_01_Autoplaced_Mandiri_MandiriDebitOnline\\20181010_171419\\execution0.log"/>
         <property name="attachments" value=""/>
         <property name="hostName" value="cipta.andhika - CIPTA-E460.ad.metraplasa.co.id"/>
         <property name="os" value="Windows 10 64bit"/>
         <property name="katalonVersion" value="5.8.0.1"/>
         <property name="browser" value="Chrome 65.0.3302.0"/>
         <property name="hostAddress" value="172.16.31.128"/>
         <property name="sessionId" value="8e5f4eeee136e247e75294c62d3889b3"/>
         <property name="seleniumVersion" value="3.7.1"/>
         <property name="proxyInformation" value="ProxyInformation{proxyOption=NO_PROXY, proxyServerType=HTTP, password=, proxyServerAddress=, proxyServerPort=0}"/>
         <property name="platform" value="Windows 10"/>
      </properties>
      <testcase name="Test Cases/01_Member/Login Mobile" classname="Test Cases/01_Member/Login Mobile" status="PASSED">
         <system-out><![CDATA[2018-10-10 17:14:21 - [TEST_CASE][PASSED] - Test Cases/01_Member/Login Mobile: Test Cases/01_Member/Login Mobile

2018-10-10 17:14:22 - [TEST_STEP][PASSED] - openBrowser: Browser is opened with url: ''

2018-10-10 17:14:25 - [MESSAGE][PASSED] - Browser is opened with url: ''

2018-10-10 17:14:25 - [TEST_STEP][PASSED] - navigateToUrl: Navigate to 'https://m.blanja.com/member/login' successfully

2018-10-10 17:14:27 - [MESSAGE][PASSED] - Navigate to 'https://m.blanja.com/member/login' successfully

2018-10-10 17:14:27 - [TEST_STEP][PASSED] - setText: Text 'testblj2' is set on object 'Object Repository/Member_Login/username'

2018-10-10 17:14:28 - [MESSAGE][PASSED] - Text 'testblj2' is set on object 'Object Repository/Member_Login/username'

2018-10-10 17:14:28 - [TEST_STEP][PASSED] - setText: Text '123qwe' is set on object 'Object Repository/Member_Login/password'

2018-10-10 17:14:28 - [MESSAGE][PASSED] - Text '123qwe' is set on object 'Object Repository/Member_Login/password'

2018-10-10 17:14:28 - [TEST_STEP][PASSED] - click: Object: 'Object Repository/Member_Login/Button_Masuk' is clicked on

2018-10-10 17:14:32 - [MESSAGE][PASSED] - Object: 'Object Repository/Member_Login/Button_Masuk' is clicked on

2018-10-10 17:14:32 - [TEST_STEP][PASSED] - delay: Delayed 2 second(s)

2018-10-10 17:14:34 - [MESSAGE][PASSED] - Delayed 2 second(s)

2018-10-10 17:14:34 - [TEST_STEP][PASSED] - navigateToUrl: Navigate to 'https://m.blanja.com/top-up/pulsa' successfully

2018-10-10 17:14:35 - [MESSAGE][PASSED] - Navigate to 'https://m.blanja.com/top-up/pulsa' successfully

2018-10-10 17:14:35 - [TEST_STEP][PASSED] - delay: Delayed 2 second(s)

2018-10-10 17:14:37 - [MESSAGE][PASSED] - Delayed 2 second(s)

2018-10-10 17:14:37 - [TEST_STEP][PASSED] - setText: Text '081289138338' is set on object 'Object Repository/Pulsa_Mobile/nmr_hp'

2018-10-10 17:14:37 - [MESSAGE][PASSED] - Text '081289138338' is set on object 'Object Repository/Pulsa_Mobile/nmr_hp'

2018-10-10 17:14:37 - [TEST_STEP][PASSED] - delay: Delayed 2 second(s)

2018-10-10 17:14:39 - [MESSAGE][PASSED] - Delayed 2 second(s)

2018-10-10 17:14:39 - [TEST_STEP][PASSED] - click: Object: 'Object Repository/Pulsa_Mobile/Pilih_nominal' is clicked on

2018-10-10 17:14:39 - [MESSAGE][PASSED] - Object: 'Object Repository/Pulsa_Mobile/Pilih_nominal' is clicked on

2018-10-10 17:14:39 - [TEST_STEP][PASSED] - delay: Delayed 1 second(s)

2018-10-10 17:14:40 - [MESSAGE][PASSED] - Delayed 1 second(s)

2018-10-10 17:14:40 - [TEST_STEP][PASSED] - click: Object: 'Object Repository/Pulsa_Mobile/Nominal' is clicked on

2018-10-10 17:14:40 - [MESSAGE][PASSED] - Object: 'Object Repository/Pulsa_Mobile/Nominal' is clicked on

2018-10-10 17:14:40 - [TEST_STEP][PASSED] - delay: Delayed 1 second(s)

2018-10-10 17:14:41 - [MESSAGE][PASSED] - Delayed 1 second(s)

2018-10-10 17:14:41 - [TEST_STEP][PASSED] - click: Object: 'Object Repository/Pulsa_Mobile/Blanja_Sekarang' is clicked on

2018-10-10 17:14:42 - [MESSAGE][PASSED] - Object: 'Object Repository/Pulsa_Mobile/Blanja_Sekarang' is clicked on

2018-10-10 17:14:42 - [TEST_STEP][PASSED] - delay: Delayed 1 second(s)

2018-10-10 17:14:43 - [MESSAGE][PASSED] - Delayed 1 second(s)]]></system-out>
         <system-err><![CDATA[]]></system-err>
      </testcase>
      <testcase name="Test Cases/02_ChooseMethodPaymentMobilePulsa/TC_01_ChooseMethodPayment_Mandiri_DebitOnline" classname="Test Cases/02_ChooseMethodPaymentMobilePulsa/TC_01_ChooseMethodPayment_Mandiri_DebitOnline" status="PASSED">
         <system-out><![CDATA[2018-10-10 17:14:43 - [TEST_CASE][PASSED] - Test Cases/02_ChooseMethodPaymentMobilePulsa/TC_01_ChooseMethodPayment_Mandiri_DebitOnline: Test Cases/02_ChooseMethodPaymentMobilePulsa/TC_01_ChooseMethodPayment_Mandiri_DebitOnline

2018-10-10 17:14:43 - [TEST_STEP][PASSED] - click: Object: 'Object Repository/Trade_Payment_Method/Click_Bank/Click_01_Mandiri' is clicked on

2018-10-10 17:14:44 - [MESSAGE][PASSED] - Object: 'Object Repository/Trade_Payment_Method/Click_Bank/Click_01_Mandiri' is clicked on

2018-10-10 17:14:44 - [TEST_STEP][PASSED] - delay: Delayed 1 second(s)

2018-10-10 17:14:45 - [MESSAGE][PASSED] - Delayed 1 second(s)

2018-10-10 17:14:45 - [TEST_STEP][PASSED] - click: Object: 'Object Repository/Trade_Payment_Method/Click_Bank/Click_1_Mandiri_debit_online' is clicked on

2018-10-10 17:14:45 - [MESSAGE][PASSED] - Object: 'Object Repository/Trade_Payment_Method/Click_Bank/Click_1_Mandiri_debit_online' is clicked on

2018-10-10 17:14:45 - [TEST_STEP][PASSED] - blj.common.report.Autoplaced.AppendToBlanjaAutoplacedReport: blj.common.report.Autoplaced.AppendToBlanjaAutoplacedReport is PASSED

2018-10-10 17:14:45 - [MESSAGE][PASSED] - blj.common.report.Autoplaced.AppendToBlanjaAutoplacedReport is PASSED]]></system-out>
         <system-err><![CDATA[]]></system-err>
      </testcase>
      <testcase name="Test Cases/02_ChooseMethodPaymentMobilePulsa/TC_ClickCheckout_GetLastOrderID_ExportTo_Blanja_Autoplaced" classname="Test Cases/02_ChooseMethodPaymentMobilePulsa/TC_ClickCheckout_GetLastOrderID_ExportTo_Blanja_Autoplaced" status="PASSED">
         <system-out><![CDATA[2018-10-10 17:14:45 - [TEST_CASE][PASSED] - Test Cases/02_ChooseMethodPaymentMobilePulsa/TC_ClickCheckout_GetLastOrderID_ExportTo_Blanja_Autoplaced: Test Cases/02_ChooseMethodPaymentMobilePulsa/TC_ClickCheckout_GetLastOrderID_ExportTo_Blanja_Autoplaced

2018-10-10 17:14:45 - [TEST_STEP][PASSED] - click: Object: 'Object Repository/Trade_Payment_Method/input_checkOut' is clicked on

2018-10-10 17:14:45 - [MESSAGE][PASSED] - Object: 'Object Repository/Trade_Payment_Method/input_checkOut' is clicked on

2018-10-10 17:14:45 - [TEST_STEP][PASSED] - navigateToUrl: Navigate to 'https://m.blanja.com/mobile/trades/index' successfully

2018-10-10 17:14:46 - [MESSAGE][PASSED] - Navigate to 'https://m.blanja.com/mobile/trades/index' successfully

2018-10-10 17:14:46 - [TEST_STEP][PASSED] - Statement - orderNumber = " - " + com.kms.katalon.core.webui.keyword.WebUiBuiltInKeywords.getText(com.kms.katalon.core.testobject.ObjectRepository.findTestObject(Object Repository/Member_BlanjaanSaya/Label_FirstOrderNumber)): Text of object 'Object Repository/Member_BlanjaanSaya/Label_FirstOrderNumber' is: 'No. Order : 418678507351623019'

2018-10-10 17:14:47 - [MESSAGE][PASSED] - Text of object 'Object Repository/Member_BlanjaanSaya/Label_FirstOrderNumber' is: 'No. Order : 418678507351623019'

2018-10-10 17:14:47 - [TEST_STEP][PASSED] - blj.common.report.Autoplaced.AppendToBlanjaAutoplacedReport: blj.common.report.Autoplaced.AppendToBlanjaAutoplacedReport is PASSED

2018-10-10 17:14:47 - [MESSAGE][PASSED] - blj.common.report.Autoplaced.AppendToBlanjaAutoplacedReport is PASSED]]></system-out>
         <system-err><![CDATA[]]></system-err>
      </testcase>
      <system-out><![CDATA[2018-10-10 17:14:21 - [TEST_SUITE][PASSED] - TS_01_Autoplaced_Mandiri_MandiriDebitOnline: Test Cases/02_ChooseMethodPaymentMobilePulsa/TC_ClickCheckout_GetLastOrderID_ExportTo_Blanja_Autoplaced]]></system-out>
      <system-err><![CDATA[]]></system-err>
   </testsuite>
</testsuites>
