<?xml version="1.0" encoding="UTF-8"?>
<testsuites name="TS_14_Autoplaced_BRI_KartuKreditCicilan" time="31" tests="4" failures="0" errors="0">
   <testsuite name="TS_14_Autoplaced_BRI_KartuKreditCicilan" tests="4" failures="0" errors="0" time="31" timestamp="2018-10-16 15:53:23" hostname="cipta.andhika - CIPTA-E460.ad.metraplasa.co.id" id="Test Suites/AutoplacedMweb_Reguler/TS_14_Autoplaced_BRI_KartuKreditCicilan">
      <properties>
         <property name="deviceName" value=""/>
         <property name="devicePlatform" value=""/>
         <property name="logFolder" value="C:\\Users\\cipta.andhika\\Katalon Studio\\Blanja_Mobile_Pulsa\\Reports\\AutoplacedMweb_Reguler\\TS_14_Autoplaced_BRI_KartuKreditCicilan\\20181016_155322"/>
         <property name="logFiles" value="C:\\Users\\cipta.andhika\\Katalon Studio\\Blanja_Mobile_Pulsa\\Reports\\AutoplacedMweb_Reguler\\TS_14_Autoplaced_BRI_KartuKreditCicilan\\20181016_155322\\execution0.log"/>
         <property name="attachments" value=""/>
         <property name="hostName" value="cipta.andhika - CIPTA-E460.ad.metraplasa.co.id"/>
         <property name="os" value="Windows 10 64bit"/>
         <property name="katalonVersion" value="5.8.0.1"/>
         <property name="browser" value="Chrome 65.0.3302.0"/>
         <property name="hostAddress" value="10.10.99.244"/>
         <property name="sessionId" value="a76248e4b3cf711cb90cbde936f97ffb"/>
         <property name="seleniumVersion" value="3.7.1"/>
         <property name="proxyInformation" value="ProxyInformation{proxyOption=NO_PROXY, proxyServerType=HTTP, password=, proxyServerAddress=, proxyServerPort=0}"/>
         <property name="platform" value="Windows 10"/>
      </properties>
      <testcase name="Test Cases/01_Member/Login_Reguler" classname="Test Cases/01_Member/Login_Reguler" status="PASSED">
         <system-out><![CDATA[2018-10-16 15:53:24 - [TEST_CASE][PASSED] - Test Cases/01_Member/Login_Reguler: Test Cases/01_Member/Login_Reguler

2018-10-16 15:53:24 - [TEST_STEP][PASSED] - openBrowser: Browser is opened with url: ''

2018-10-16 15:53:27 - [MESSAGE][PASSED] - Browser is opened with url: ''

2018-10-16 15:53:27 - [TEST_STEP][PASSED] - navigateToUrl: Navigate to 'https://m.blanja.com/member/login' successfully

2018-10-16 15:53:29 - [MESSAGE][PASSED] - Navigate to 'https://m.blanja.com/member/login' successfully

2018-10-16 15:53:29 - [TEST_STEP][PASSED] - setText: Text 'testblj2' is set on object 'Object Repository/Member_Login/username'

2018-10-16 15:53:29 - [MESSAGE][PASSED] - Text 'testblj2' is set on object 'Object Repository/Member_Login/username'

2018-10-16 15:53:29 - [TEST_STEP][PASSED] - setText: Text '123qwe' is set on object 'Object Repository/Member_Login/password'

2018-10-16 15:53:29 - [MESSAGE][PASSED] - Text '123qwe' is set on object 'Object Repository/Member_Login/password'

2018-10-16 15:53:29 - [TEST_STEP][PASSED] - click: Object: 'Object Repository/Member_Login/Button_Masuk' is clicked on

2018-10-16 15:53:30 - [MESSAGE][PASSED] - Object: 'Object Repository/Member_Login/Button_Masuk' is clicked on

2018-10-16 15:53:30 - [TEST_STEP][PASSED] - delay: Delayed 2 second(s)

2018-10-16 15:53:32 - [MESSAGE][PASSED] - Delayed 2 second(s)]]></system-out>
         <system-err><![CDATA[]]></system-err>
      </testcase>
      <testcase name="Test Cases/02_PDP/PDP_Reguler_KreditCicilan" classname="Test Cases/02_PDP/PDP_Reguler_KreditCicilan" status="PASSED">
         <system-out><![CDATA[2018-10-16 15:53:32 - [TEST_CASE][PASSED] - Test Cases/02_PDP/PDP_Reguler_KreditCicilan: Test Cases/02_PDP/PDP_Reguler_KreditCicilan

2018-10-16 15:53:33 - [TEST_STEP][PASSED] - navigateToUrl: Navigate to 'https://m.blanja.com/item/jual-beli-pantene-black-shine-18983897' successfully

2018-10-16 15:53:36 - [MESSAGE][PASSED] - Navigate to 'https://m.blanja.com/item/jual-beli-pantene-black-shine-18983897' successfully

2018-10-16 15:53:36 - [TEST_STEP][PASSED] - delay: Delayed 2 second(s)

2018-10-16 15:53:38 - [MESSAGE][PASSED] - Delayed 2 second(s)

2018-10-16 15:53:38 - [TEST_STEP][PASSED] - click: Object: 'Object Repository/PDP/close_dialog_gojek' is clicked on

2018-10-16 15:53:38 - [MESSAGE][PASSED] - Object: 'Object Repository/PDP/close_dialog_gojek' is clicked on

2018-10-16 15:53:38 - [TEST_STEP][PASSED] - delay: Delayed 2 second(s)

2018-10-16 15:53:40 - [MESSAGE][PASSED] - Delayed 2 second(s)

2018-10-16 15:53:40 - [TEST_STEP][PASSED] - click: Object: 'Object Repository/PDP/PDP_Cicilan/select_quantity' is clicked on

2018-10-16 15:53:40 - [MESSAGE][PASSED] - Object: 'Object Repository/PDP/PDP_Cicilan/select_quantity' is clicked on

2018-10-16 15:53:40 - [TEST_STEP][PASSED] - sendKeys: Keys 'DELETE + ' sent to object: 'Object Repository/PDP/PDP_Cicilan/select_quantity'

2018-10-16 15:53:40 - [MESSAGE][PASSED] - Keys 'DELETE + ' sent to object: 'Object Repository/PDP/PDP_Cicilan/select_quantity'

2018-10-16 15:53:40 - [TEST_STEP][PASSED] - setText: Text '25' is set on object 'Object Repository/PDP/PDP_Cicilan/select_quantity'

2018-10-16 15:53:40 - [MESSAGE][PASSED] - Text '25' is set on object 'Object Repository/PDP/PDP_Cicilan/select_quantity'

2018-10-16 15:53:40 - [TEST_STEP][PASSED] - click: Object: 'Object Repository/PDP/Btn_tambah_ketroli' is clicked on

2018-10-16 15:53:40 - [MESSAGE][PASSED] - Object: 'Object Repository/PDP/Btn_tambah_ketroli' is clicked on

2018-10-16 15:53:40 - [TEST_STEP][PASSED] - delay: Delayed 2 second(s)

2018-10-16 15:53:42 - [MESSAGE][PASSED] - Delayed 2 second(s)

2018-10-16 15:53:42 - [TEST_STEP][PASSED] - click: Object: 'Object Repository/PDP/Btn_ke_pembayaran' is clicked on

2018-10-16 15:53:44 - [MESSAGE][PASSED] - Object: 'Object Repository/PDP/Btn_ke_pembayaran' is clicked on

2018-10-16 15:53:44 - [TEST_STEP][PASSED] - delay: Delayed 2 second(s)

2018-10-16 15:53:46 - [MESSAGE][PASSED] - Delayed 2 second(s)

2018-10-16 15:53:46 - [TEST_STEP][PASSED] - click: Object: 'Object Repository/PDP/Btn_Pembayaran' is clicked on

2018-10-16 15:53:47 - [MESSAGE][PASSED] - Object: 'Object Repository/PDP/Btn_Pembayaran' is clicked on]]></system-out>
         <system-err><![CDATA[]]></system-err>
      </testcase>
      <testcase name="Test Cases/03_Trade/ChooseMethodPaymentMobileReguler/TC_14_ChooseMethodPayment_BRI_Kartu_KreditCicilan" classname="Test Cases/03_Trade/ChooseMethodPaymentMobileReguler/TC_14_ChooseMethodPayment_BRI_Kartu_KreditCicilan" status="PASSED">
         <system-out><![CDATA[2018-10-16 15:53:47 - [TEST_CASE][PASSED] - Test Cases/03_Trade/ChooseMethodPaymentMobileReguler/TC_14_ChooseMethodPayment_BRI_Kartu_KreditCicilan: Test Cases/03_Trade/ChooseMethodPaymentMobileReguler/TC_14_ChooseMethodPayment_BRI_Kartu_KreditCicilan

2018-10-16 15:53:48 - [TEST_STEP][PASSED] - selectOptionByLabel: All options with label 'Kurir Standar' are selected in object 'Object Repository/Jasa_Pengiriman/Pilih_Pengiriman' 

2018-10-16 15:53:48 - [MESSAGE][PASSED] - All options with label 'Kurir Standar' are selected in object 'Object Repository/Jasa_Pengiriman/Pilih_Pengiriman' 

2018-10-16 15:53:48 - [TEST_STEP][PASSED] - delay: Delayed 1 second(s)

2018-10-16 15:53:49 - [MESSAGE][PASSED] - Delayed 1 second(s)

2018-10-16 15:53:49 - [TEST_STEP][PASSED] - click: Object: 'Object Repository/Trade_Payment_Method/Click_Bank/ClickBank/Click_03_BRI' is clicked on

2018-10-16 15:53:49 - [MESSAGE][PASSED] - Object: 'Object Repository/Trade_Payment_Method/Click_Bank/ClickBank/Click_03_BRI' is clicked on

2018-10-16 15:53:49 - [TEST_STEP][PASSED] - delay: Delayed 1 second(s)

2018-10-16 15:53:50 - [MESSAGE][PASSED] - Delayed 1 second(s)

2018-10-16 15:53:50 - [TEST_STEP][PASSED] - click: Object: 'Object Repository/Trade_Payment_Method/Click_Bank/BRI_Reguler/Click_13_BRI_KartuKreditCicilan' is clicked on

2018-10-16 15:53:50 - [MESSAGE][PASSED] - Object: 'Object Repository/Trade_Payment_Method/Click_Bank/BRI_Reguler/Click_13_BRI_KartuKreditCicilan' is clicked on

2018-10-16 15:53:50 - [TEST_STEP][PASSED] - selectOptionByIndex: All options with index in [1] are selected on object 'Object Repository/Trade_Payment_Method/Click_Bank/BRI_Reguler/silahkan_pilih'

2018-10-16 15:53:50 - [MESSAGE][PASSED] - All options with index in [1] are selected on object 'Object Repository/Trade_Payment_Method/Click_Bank/BRI_Reguler/silahkan_pilih'

2018-10-16 15:53:50 - [TEST_STEP][PASSED] - blj.common.report.Autoplaced.AppendToBlanjaAutoplacedReport: blj.common.report.Autoplaced.AppendToBlanjaAutoplacedReport is PASSED

2018-10-16 15:53:50 - [MESSAGE][PASSED] - blj.common.report.Autoplaced.AppendToBlanjaAutoplacedReport is PASSED]]></system-out>
         <system-err><![CDATA[]]></system-err>
      </testcase>
      <testcase name="Test Cases/03_Trade/ChooseMethodPaymentMobileReguler/TC_ClickCheckout_GetLastOrderID_ExportTo_Blanja_Autoplaced" classname="Test Cases/03_Trade/ChooseMethodPaymentMobileReguler/TC_ClickCheckout_GetLastOrderID_ExportTo_Blanja_Autoplaced" status="PASSED">
         <system-out><![CDATA[2018-10-16 15:53:50 - [TEST_CASE][PASSED] - Test Cases/03_Trade/ChooseMethodPaymentMobileReguler/TC_ClickCheckout_GetLastOrderID_ExportTo_Blanja_Autoplaced: Test Cases/03_Trade/ChooseMethodPaymentMobileReguler/TC_ClickCheckout_GetLastOrderID_ExportTo_Blanja_Autoplaced

2018-10-16 15:53:51 - [TEST_STEP][PASSED] - delay: Delayed 1 second(s)

2018-10-16 15:53:52 - [MESSAGE][PASSED] - Delayed 1 second(s)

2018-10-16 15:53:52 - [TEST_STEP][PASSED] - click: Object: 'Object Repository/Trade_Payment_Method/input_checkOut_Reguler' is clicked on

2018-10-16 15:53:52 - [MESSAGE][PASSED] - Object: 'Object Repository/Trade_Payment_Method/input_checkOut_Reguler' is clicked on

2018-10-16 15:53:52 - [TEST_STEP][PASSED] - navigateToUrl: Navigate to 'https://m.blanja.com/mobile/trades/index' successfully

2018-10-16 15:53:53 - [MESSAGE][PASSED] - Navigate to 'https://m.blanja.com/mobile/trades/index' successfully

2018-10-16 15:53:53 - [TEST_STEP][PASSED] - Statement - orderNumber = " - " + com.kms.katalon.core.webui.keyword.WebUiBuiltInKeywords.getText(com.kms.katalon.core.testobject.ObjectRepository.findTestObject(Member_BlanjaanSaya/Label_FirstOrderNumber)): Text of object 'Object Repository/Member_BlanjaanSaya/Label_FirstOrderNumber' is: 'No. Order : 418692737268084019
16 Okt 2018 15:37
Pantene Black Shine
  Rp 20.000 x 2'

2018-10-16 15:53:54 - [MESSAGE][PASSED] - Text of object 'Object Repository/Member_BlanjaanSaya/Label_FirstOrderNumber' is: 'No. Order : 418692737268084019
16 Okt 2018 15:37
Pantene Black Shine
  Rp 20.000 x 2'

2018-10-16 15:53:54 - [TEST_STEP][PASSED] - blj.common.report.Autoplaced.AppendToBlanjaAutoplacedReport: blj.common.report.Autoplaced.AppendToBlanjaAutoplacedReport is PASSED

2018-10-16 15:53:54 - [MESSAGE][PASSED] - blj.common.report.Autoplaced.AppendToBlanjaAutoplacedReport is PASSED

2018-10-16 15:53:54 - [TEST_STEP][PASSED] - blj.common.report.Autoplaced.AppendToBlanjaAutoplacedReport: blj.common.report.Autoplaced.AppendToBlanjaAutoplacedReport is PASSED

2018-10-16 15:53:54 - [MESSAGE][PASSED] - blj.common.report.Autoplaced.AppendToBlanjaAutoplacedReport is PASSED]]></system-out>
         <system-err><![CDATA[]]></system-err>
      </testcase>
      <system-out><![CDATA[2018-10-16 15:53:23 - [TEST_SUITE][PASSED] - TS_14_Autoplaced_BRI_KartuKreditCicilan: Test Cases/03_Trade/ChooseMethodPaymentMobileReguler/TC_ClickCheckout_GetLastOrderID_ExportTo_Blanja_Autoplaced]]></system-out>
      <system-err><![CDATA[]]></system-err>
   </testsuite>
</testsuites>
