<?xml version="1.0" encoding="UTF-8"?>
<testsuites name="test" time="35" tests="4" failures="0" errors="0">
   <testsuite name="test" tests="4" failures="0" errors="0" time="35" timestamp="2018-10-16 09:41:56" hostname="cipta.andhika - CIPTA-E460.ad.metraplasa.co.id" id="Test Suites/AutoplacedMweb_Reguler/test">
      <properties>
         <property name="deviceName" value=""/>
         <property name="devicePlatform" value=""/>
         <property name="logFolder" value="C:\\Users\\cipta.andhika\\Katalon Studio\\Blanja_Mobile_Pulsa\\Reports\\AutoplacedMweb_Reguler\\test\\20181016_094154"/>
         <property name="logFiles" value="C:\\Users\\cipta.andhika\\Katalon Studio\\Blanja_Mobile_Pulsa\\Reports\\AutoplacedMweb_Reguler\\test\\20181016_094154\\execution0.log"/>
         <property name="attachments" value=""/>
         <property name="hostName" value="cipta.andhika - CIPTA-E460.ad.metraplasa.co.id"/>
         <property name="os" value="Windows 10 64bit"/>
         <property name="katalonVersion" value="5.8.0.1"/>
         <property name="browser" value="Chrome 65.0.3302.0"/>
         <property name="hostAddress" value="10.10.99.244"/>
         <property name="sessionId" value="4363d38e8879acfef68ff1968382385f"/>
         <property name="seleniumVersion" value="3.7.1"/>
         <property name="proxyInformation" value="ProxyInformation{proxyOption=NO_PROXY, proxyServerType=HTTP, password=, proxyServerAddress=, proxyServerPort=0}"/>
         <property name="platform" value="Windows 10"/>
      </properties>
      <testcase name="Test Cases/01_Member/Login_Reguler" classname="Test Cases/01_Member/Login_Reguler" status="PASSED">
         <system-out><![CDATA[2018-10-16 09:41:56 - [TEST_CASE][PASSED] - Test Cases/01_Member/Login_Reguler: Test Cases/01_Member/Login_Reguler

2018-10-16 09:41:57 - [TEST_STEP][PASSED] - openBrowser: Browser is opened with url: ''

2018-10-16 09:42:00 - [MESSAGE][PASSED] - Browser is opened with url: ''

2018-10-16 09:42:00 - [TEST_STEP][PASSED] - navigateToUrl: Navigate to 'https://m.blanja.com/member/login' successfully

2018-10-16 09:42:02 - [MESSAGE][PASSED] - Navigate to 'https://m.blanja.com/member/login' successfully

2018-10-16 09:42:02 - [TEST_STEP][PASSED] - setText: Text 'testblj2' is set on object 'Object Repository/Member_Login/username'

2018-10-16 09:42:03 - [MESSAGE][PASSED] - Text 'testblj2' is set on object 'Object Repository/Member_Login/username'

2018-10-16 09:42:03 - [TEST_STEP][PASSED] - setText: Text '123qwe' is set on object 'Object Repository/Member_Login/password'

2018-10-16 09:42:03 - [MESSAGE][PASSED] - Text '123qwe' is set on object 'Object Repository/Member_Login/password'

2018-10-16 09:42:03 - [TEST_STEP][PASSED] - click: Object: 'Object Repository/Member_Login/Button_Masuk' is clicked on

2018-10-16 09:42:04 - [MESSAGE][PASSED] - Object: 'Object Repository/Member_Login/Button_Masuk' is clicked on

2018-10-16 09:42:04 - [TEST_STEP][PASSED] - delay: Delayed 2 second(s)

2018-10-16 09:42:06 - [MESSAGE][PASSED] - Delayed 2 second(s)]]></system-out>
         <system-err><![CDATA[]]></system-err>
      </testcase>
      <testcase name="Test Cases/03_PDP/PDP_Reguler" classname="Test Cases/03_PDP/PDP_Reguler" status="PASSED">
         <system-out><![CDATA[2018-10-16 09:42:06 - [TEST_CASE][PASSED] - Test Cases/03_PDP/PDP_Reguler: Test Cases/03_PDP/PDP_Reguler

2018-10-16 09:42:06 - [TEST_STEP][PASSED] - navigateToUrl: Navigate to 'https://m.blanja.com/item/jual-beli-pantene-black-shine-18983897' successfully

2018-10-16 09:42:10 - [MESSAGE][PASSED] - Navigate to 'https://m.blanja.com/item/jual-beli-pantene-black-shine-18983897' successfully

2018-10-16 09:42:10 - [TEST_STEP][PASSED] - delay: Delayed 2 second(s)

2018-10-16 09:42:12 - [MESSAGE][PASSED] - Delayed 2 second(s)

2018-10-16 09:42:12 - [TEST_STEP][PASSED] - click: Object: 'Object Repository/PDP/close_dialog_gojek' is clicked on

2018-10-16 09:42:12 - [MESSAGE][PASSED] - Object: 'Object Repository/PDP/close_dialog_gojek' is clicked on

2018-10-16 09:42:12 - [TEST_STEP][PASSED] - delay: Delayed 2 second(s)

2018-10-16 09:42:14 - [MESSAGE][PASSED] - Delayed 2 second(s)

2018-10-16 09:42:14 - [TEST_STEP][PASSED] - click: Object: 'Object Repository/PDP/Btn_tambah_ketroli' is clicked on

2018-10-16 09:42:15 - [MESSAGE][PASSED] - Object: 'Object Repository/PDP/Btn_tambah_ketroli' is clicked on

2018-10-16 09:42:15 - [TEST_STEP][PASSED] - delay: Delayed 2 second(s)

2018-10-16 09:42:17 - [MESSAGE][PASSED] - Delayed 2 second(s)

2018-10-16 09:42:17 - [TEST_STEP][PASSED] - click: Object: 'Object Repository/PDP/Btn_ke_pembayaran' is clicked on

2018-10-16 09:42:18 - [MESSAGE][PASSED] - Object: 'Object Repository/PDP/Btn_ke_pembayaran' is clicked on

2018-10-16 09:42:18 - [TEST_STEP][PASSED] - delay: Delayed 2 second(s)

2018-10-16 09:42:20 - [MESSAGE][PASSED] - Delayed 2 second(s)

2018-10-16 09:42:20 - [TEST_STEP][PASSED] - click: Object: 'Object Repository/PDP/Btn_Pembayaran' is clicked on

2018-10-16 09:42:22 - [MESSAGE][PASSED] - Object: 'Object Repository/PDP/Btn_Pembayaran' is clicked on]]></system-out>
         <system-err><![CDATA[]]></system-err>
      </testcase>
      <testcase name="Test Cases/02_Trade/ChooseMethodPaymentMobileReguler/TC_01_ChooseMethodPayment_Mandiri_TransferBank" classname="Test Cases/02_Trade/ChooseMethodPaymentMobileReguler/TC_01_ChooseMethodPayment_Mandiri_TransferBank" status="PASSED">
         <system-out><![CDATA[2018-10-16 09:42:22 - [TEST_CASE][PASSED] - Test Cases/02_Trade/ChooseMethodPaymentMobileReguler/TC_01_ChooseMethodPayment_Mandiri_TransferBank: Test Cases/02_Trade/ChooseMethodPaymentMobileReguler/TC_01_ChooseMethodPayment_Mandiri_TransferBank

2018-10-16 09:42:23 - [TEST_STEP][PASSED] - click: Object: 'Object Repository/Jasa_Pengiriman/Pilih_Pengiriman' is clicked on

2018-10-16 09:42:23 - [MESSAGE][PASSED] - Object: 'Object Repository/Jasa_Pengiriman/Pilih_Pengiriman' is clicked on

2018-10-16 09:42:23 - [TEST_STEP][PASSED] - delay: Delayed 1 second(s)

2018-10-16 09:42:24 - [MESSAGE][PASSED] - Delayed 1 second(s)

2018-10-16 09:42:24 - [TEST_STEP][PASSED] - click: Object: 'Object Repository/Jasa_Pengiriman/KurirStandar' is clicked on

2018-10-16 09:42:24 - [MESSAGE][PASSED] - Object: 'Object Repository/Jasa_Pengiriman/KurirStandar' is clicked on

2018-10-16 09:42:24 - [TEST_STEP][PASSED] - delay: Delayed 1 second(s)

2018-10-16 09:42:25 - [MESSAGE][PASSED] - Delayed 1 second(s)

2018-10-16 09:42:25 - [TEST_STEP][PASSED] - click: Object: 'Object Repository/Trade_Payment_Method/Click_Bank/ClickBank/Click_01_Mandiri' is clicked on

2018-10-16 09:42:25 - [MESSAGE][PASSED] - Object: 'Object Repository/Trade_Payment_Method/Click_Bank/ClickBank/Click_01_Mandiri' is clicked on

2018-10-16 09:42:25 - [TEST_STEP][PASSED] - delay: Delayed 1 second(s)

2018-10-16 09:42:26 - [MESSAGE][PASSED] - Delayed 1 second(s)

2018-10-16 09:42:26 - [TEST_STEP][PASSED] - click: Object: 'Object Repository/Trade_Payment_Method/Click_Bank/Mandiri_Reguler/Click_1_Mandiri_TransferBank' is clicked on

2018-10-16 09:42:26 - [MESSAGE][PASSED] - Object: 'Object Repository/Trade_Payment_Method/Click_Bank/Mandiri_Reguler/Click_1_Mandiri_TransferBank' is clicked on

2018-10-16 09:42:26 - [TEST_STEP][PASSED] - blj.common.report.Autoplaced.AppendToBlanjaAutoplacedReport: blj.common.report.Autoplaced.AppendToBlanjaAutoplacedReport is PASSED

2018-10-16 09:42:27 - [MESSAGE][PASSED] - blj.common.report.Autoplaced.AppendToBlanjaAutoplacedReport is PASSED]]></system-out>
         <system-err><![CDATA[]]></system-err>
      </testcase>
      <testcase name="Test Cases/02_Trade/ChooseMethodPaymentMobileReguler/TC_ClickCheckout_GetLastOrderID_ExportTo_Blanja_Autoplaced" classname="Test Cases/02_Trade/ChooseMethodPaymentMobileReguler/TC_ClickCheckout_GetLastOrderID_ExportTo_Blanja_Autoplaced" status="PASSED">
         <system-out><![CDATA[2018-10-16 09:42:27 - [TEST_CASE][PASSED] - Test Cases/02_Trade/ChooseMethodPaymentMobileReguler/TC_ClickCheckout_GetLastOrderID_ExportTo_Blanja_Autoplaced: Test Cases/02_Trade/ChooseMethodPaymentMobileReguler/TC_ClickCheckout_GetLastOrderID_ExportTo_Blanja_Autoplaced

2018-10-16 09:42:27 - [TEST_STEP][PASSED] - delay: Delayed 1 second(s)

2018-10-16 09:42:28 - [MESSAGE][PASSED] - Delayed 1 second(s)

2018-10-16 09:42:28 - [TEST_STEP][PASSED] - click: Object: 'Object Repository/Trade_Payment_Method/input_checkOut_Reguler' is clicked on

2018-10-16 09:42:28 - [MESSAGE][PASSED] - Object: 'Object Repository/Trade_Payment_Method/input_checkOut_Reguler' is clicked on

2018-10-16 09:42:28 - [TEST_STEP][PASSED] - navigateToUrl: Navigate to 'https://m.blanja.com/mobile/trades/index' successfully

2018-10-16 09:42:29 - [MESSAGE][PASSED] - Navigate to 'https://m.blanja.com/mobile/trades/index' successfully

2018-10-16 09:42:29 - [TEST_STEP][PASSED] - Statement - orderNumber = " - " + com.kms.katalon.core.webui.keyword.WebUiBuiltInKeywords.getText(com.kms.katalon.core.testobject.ObjectRepository.findTestObject(Member_BlanjaanSaya/Label_FirstOrderNumber)): Text of object 'Object Repository/Member_BlanjaanSaya/Label_FirstOrderNumber' is: 'No. Order : 418690546163784019
15 Okt 2018 17:46
Pantene Black Shine
  Rp 20.000 x 1'

2018-10-16 09:42:30 - [MESSAGE][PASSED] - Text of object 'Object Repository/Member_BlanjaanSaya/Label_FirstOrderNumber' is: 'No. Order : 418690546163784019
15 Okt 2018 17:46
Pantene Black Shine
  Rp 20.000 x 1'

2018-10-16 09:42:30 - [TEST_STEP][PASSED] - blj.common.report.Autoplaced.AppendToBlanjaAutoplacedReport: blj.common.report.Autoplaced.AppendToBlanjaAutoplacedReport is PASSED

2018-10-16 09:42:30 - [MESSAGE][PASSED] - blj.common.report.Autoplaced.AppendToBlanjaAutoplacedReport is PASSED

2018-10-16 09:42:30 - [TEST_STEP][PASSED] - blj.common.report.Autoplaced.AppendToBlanjaAutoplacedReport: blj.common.report.Autoplaced.AppendToBlanjaAutoplacedReport is PASSED

2018-10-16 09:42:30 - [MESSAGE][PASSED] - blj.common.report.Autoplaced.AppendToBlanjaAutoplacedReport is PASSED]]></system-out>
         <system-err><![CDATA[]]></system-err>
      </testcase>
      <system-out><![CDATA[2018-10-16 09:41:56 - [TEST_SUITE][PASSED] - test: Test Cases/02_Trade/ChooseMethodPaymentMobileReguler/TC_ClickCheckout_GetLastOrderID_ExportTo_Blanja_Autoplaced]]></system-out>
      <system-err><![CDATA[]]></system-err>
   </testsuite>
</testsuites>
