<?xml version="1.0" encoding="UTF-8"?>
<testsuites name="TS_03_Autoplaced_Mandiri_Kartu_KreditCicilan" time="39" tests="4" failures="0" errors="0">
   <testsuite name="TS_03_Autoplaced_Mandiri_Kartu_KreditCicilan" tests="4" failures="0" errors="0" time="39" timestamp="2018-10-17 11:00:36" hostname="cipta.andhika - CIPTA-E460.ad.metraplasa.co.id" id="Test Suites/AutoplacedMweb_Reguler/TS_03_Autoplaced_Mandiri_Kartu_KreditCicilan">
      <properties>
         <property name="deviceName" value=""/>
         <property name="devicePlatform" value=""/>
         <property name="logFolder" value="C:\\Users\\cipta.andhika\\Katalon Studio\\Blanja_Mobile_Pulsa\\Reports\\AutoplacedMweb_Reguler\\TS_03_Autoplaced_Mandiri_Kartu_KreditCicilan\\20181017_105849"/>
         <property name="logFiles" value="C:\\Users\\cipta.andhika\\Katalon Studio\\Blanja_Mobile_Pulsa\\Reports\\AutoplacedMweb_Reguler\\TS_03_Autoplaced_Mandiri_Kartu_KreditCicilan\\20181017_105849\\execution0.log"/>
         <property name="attachments" value=""/>
         <property name="hostName" value="cipta.andhika - CIPTA-E460.ad.metraplasa.co.id"/>
         <property name="os" value="Windows 10 64bit"/>
         <property name="katalonVersion" value="5.8.0.1"/>
         <property name="browser" value="Chrome 65.0.3302.0"/>
         <property name="hostAddress" value="10.10.99.0"/>
         <property name="sessionId" value="1f787b48d4dc7ce6822d0e60ff685a9a"/>
         <property name="seleniumVersion" value="3.7.1"/>
         <property name="proxyInformation" value="ProxyInformation{proxyOption=NO_PROXY, proxyServerType=HTTP, password=, proxyServerAddress=, proxyServerPort=0}"/>
         <property name="platform" value="Windows 10"/>
      </properties>
      <testcase name="Test Cases/01_Member/Login_Reguler" classname="Test Cases/01_Member/Login_Reguler" status="PASSED">
         <system-out><![CDATA[2018-10-17 11:00:36 - [TEST_CASE][PASSED] - Test Cases/01_Member/Login_Reguler: Test Cases/01_Member/Login_Reguler

2018-10-17 11:00:36 - [TEST_STEP][PASSED] - openBrowser: Browser is opened with url: ''

2018-10-17 11:00:40 - [MESSAGE][PASSED] - Browser is opened with url: ''

2018-10-17 11:00:40 - [TEST_STEP][PASSED] - navigateToUrl: Navigate to 'https://m.blanja.com/member/login' successfully

2018-10-17 11:00:41 - [MESSAGE][PASSED] - Navigate to 'https://m.blanja.com/member/login' successfully

2018-10-17 11:00:41 - [TEST_STEP][PASSED] - maximizeWindow: Current window maximized

2018-10-17 11:00:42 - [MESSAGE][PASSED] - Current window maximized

2018-10-17 11:00:42 - [TEST_STEP][PASSED] - setText: Text 'testblj2' is set on object 'Object Repository/Member_Login/username'

2018-10-17 11:00:43 - [MESSAGE][PASSED] - Text 'testblj2' is set on object 'Object Repository/Member_Login/username'

2018-10-17 11:00:43 - [TEST_STEP][PASSED] - setText: Text '123qwe' is set on object 'Object Repository/Member_Login/password'

2018-10-17 11:00:43 - [MESSAGE][PASSED] - Text '123qwe' is set on object 'Object Repository/Member_Login/password'

2018-10-17 11:00:43 - [TEST_STEP][PASSED] - click: Object: 'Object Repository/Member_Login/Button_Masuk' is clicked on

2018-10-17 11:00:47 - [MESSAGE][PASSED] - Object: 'Object Repository/Member_Login/Button_Masuk' is clicked on

2018-10-17 11:00:47 - [TEST_STEP][PASSED] - delay: Delayed 2 second(s)

2018-10-17 11:00:49 - [MESSAGE][PASSED] - Delayed 2 second(s)]]></system-out>
         <system-err><![CDATA[]]></system-err>
      </testcase>
      <testcase name="Test Cases/02_PDP/PDP_Reguler_KreditCicilan" classname="Test Cases/02_PDP/PDP_Reguler_KreditCicilan" status="PASSED">
         <system-out><![CDATA[2018-10-17 11:00:49 - [TEST_CASE][PASSED] - Test Cases/02_PDP/PDP_Reguler_KreditCicilan: Test Cases/02_PDP/PDP_Reguler_KreditCicilan

2018-10-17 11:00:50 - [TEST_STEP][PASSED] - navigateToUrl: Navigate to 'https://m.blanja.com/item/jual-beli-pantene-black-shine-18983897' successfully

2018-10-17 11:00:51 - [MESSAGE][PASSED] - Navigate to 'https://m.blanja.com/item/jual-beli-pantene-black-shine-18983897' successfully

2018-10-17 11:00:51 - [TEST_STEP][PASSED] - delay: Delayed 2 second(s)

2018-10-17 11:00:53 - [MESSAGE][PASSED] - Delayed 2 second(s)

2018-10-17 11:00:53 - [TEST_STEP][PASSED] - click: Object: 'Object Repository/PDP/close_dialog_gojek' is clicked on

2018-10-17 11:00:54 - [MESSAGE][PASSED] - Object: 'Object Repository/PDP/close_dialog_gojek' is clicked on

2018-10-17 11:00:54 - [TEST_STEP][PASSED] - delay: Delayed 2 second(s)

2018-10-17 11:00:56 - [MESSAGE][PASSED] - Delayed 2 second(s)

2018-10-17 11:00:56 - [TEST_STEP][PASSED] - click: Object: 'Object Repository/PDP/PDP_Cicilan/select_quantity' is clicked on

2018-10-17 11:00:56 - [MESSAGE][PASSED] - Object: 'Object Repository/PDP/PDP_Cicilan/select_quantity' is clicked on

2018-10-17 11:00:56 - [TEST_STEP][PASSED] - sendKeys: Keys 'DELETE + ' sent to object: 'Object Repository/PDP/PDP_Cicilan/select_quantity'

2018-10-17 11:00:56 - [MESSAGE][PASSED] - Keys 'DELETE + ' sent to object: 'Object Repository/PDP/PDP_Cicilan/select_quantity'

2018-10-17 11:00:56 - [TEST_STEP][PASSED] - setText: Text '25' is set on object 'Object Repository/PDP/PDP_Cicilan/select_quantity'

2018-10-17 11:00:56 - [MESSAGE][PASSED] - Text '25' is set on object 'Object Repository/PDP/PDP_Cicilan/select_quantity'

2018-10-17 11:00:56 - [TEST_STEP][PASSED] - click: Object: 'Object Repository/PDP/Btn_tambah_ketroli' is clicked on

2018-10-17 11:00:56 - [MESSAGE][PASSED] - Object: 'Object Repository/PDP/Btn_tambah_ketroli' is clicked on

2018-10-17 11:00:56 - [TEST_STEP][PASSED] - delay: Delayed 2 second(s)

2018-10-17 11:00:58 - [MESSAGE][PASSED] - Delayed 2 second(s)

2018-10-17 11:00:58 - [TEST_STEP][PASSED] - click: Object: 'Object Repository/PDP/Btn_ke_pembayaran' is clicked on

2018-10-17 11:00:59 - [MESSAGE][PASSED] - Object: 'Object Repository/PDP/Btn_ke_pembayaran' is clicked on

2018-10-17 11:00:59 - [TEST_STEP][PASSED] - delay: Delayed 2 second(s)

2018-10-17 11:01:01 - [MESSAGE][PASSED] - Delayed 2 second(s)

2018-10-17 11:01:01 - [TEST_STEP][PASSED] - click: Object: 'Object Repository/PDP/Btn_Pembayaran' is clicked on

2018-10-17 11:01:03 - [MESSAGE][PASSED] - Object: 'Object Repository/PDP/Btn_Pembayaran' is clicked on]]></system-out>
         <system-err><![CDATA[]]></system-err>
      </testcase>
      <testcase name="Test Cases/03_Trade/ChooseMethodPaymentMobileReguler/TC_03_ChooseMethodPayment_Mandiri_Kartu_KreditCicilan" classname="Test Cases/03_Trade/ChooseMethodPaymentMobileReguler/TC_03_ChooseMethodPayment_Mandiri_Kartu_KreditCicilan" status="PASSED">
         <system-out><![CDATA[2018-10-17 11:01:03 - [TEST_CASE][PASSED] - Test Cases/03_Trade/ChooseMethodPaymentMobileReguler/TC_03_ChooseMethodPayment_Mandiri_Kartu_KreditCicilan: Test Cases/03_Trade/ChooseMethodPaymentMobileReguler/TC_03_ChooseMethodPayment_Mandiri_Kartu_KreditCicilan

2018-10-17 11:01:03 - [TEST_STEP][PASSED] - selectOptionByLabel: All options with label 'Kurir Standar' are selected in object 'Object Repository/Jasa_Pengiriman/Pilih_Pengiriman' 

2018-10-17 11:01:04 - [MESSAGE][PASSED] - All options with label 'Kurir Standar' are selected in object 'Object Repository/Jasa_Pengiriman/Pilih_Pengiriman' 

2018-10-17 11:01:04 - [TEST_STEP][PASSED] - delay: Delayed 1 second(s)

2018-10-17 11:01:05 - [MESSAGE][PASSED] - Delayed 1 second(s)

2018-10-17 11:01:05 - [TEST_STEP][PASSED] - click: Object: 'Object Repository/Trade_Payment_Method/Click_Bank/ClickBank/Click_01_Mandiri' is clicked on

2018-10-17 11:01:05 - [MESSAGE][PASSED] - Object: 'Object Repository/Trade_Payment_Method/Click_Bank/ClickBank/Click_01_Mandiri' is clicked on

2018-10-17 11:01:05 - [TEST_STEP][PASSED] - delay: Delayed 2 second(s)

2018-10-17 11:01:07 - [MESSAGE][PASSED] - Delayed 2 second(s)

2018-10-17 11:01:07 - [TEST_STEP][PASSED] - click: Object: 'Object Repository/Trade_Payment_Method/Click_Bank/Mandiri_Reguler/Mandiri_Kartu_KreditCicilan/Click_3_Mandiri_Kartu_KreditCicilan' is clicked on

2018-10-17 11:01:07 - [MESSAGE][PASSED] - Object: 'Object Repository/Trade_Payment_Method/Click_Bank/Mandiri_Reguler/Mandiri_Kartu_KreditCicilan/Click_3_Mandiri_Kartu_KreditCicilan' is clicked on

2018-10-17 11:01:07 - [TEST_STEP][PASSED] - delay: Delayed 2 second(s)

2018-10-17 11:01:09 - [MESSAGE][PASSED] - Delayed 2 second(s)

2018-10-17 11:01:09 - [TEST_STEP][PASSED] - selectOptionByIndex: All options with index in [1] are selected on object 'Object Repository/Trade_Payment_Method/Click_Bank/Mandiri_Reguler/Mandiri_Kartu_KreditCicilan/silahkan_pilih'

2018-10-17 11:01:09 - [MESSAGE][PASSED] - All options with index in [1] are selected on object 'Object Repository/Trade_Payment_Method/Click_Bank/Mandiri_Reguler/Mandiri_Kartu_KreditCicilan/silahkan_pilih'

2018-10-17 11:01:09 - [TEST_STEP][PASSED] - delay: Delayed 2 second(s)

2018-10-17 11:01:11 - [MESSAGE][PASSED] - Delayed 2 second(s)

2018-10-17 11:01:11 - [TEST_STEP][PASSED] - blj.common.report.Autoplaced.AppendToBlanjaAutoplacedReport: blj.common.report.Autoplaced.AppendToBlanjaAutoplacedReport is PASSED

2018-10-17 11:01:11 - [MESSAGE][PASSED] - blj.common.report.Autoplaced.AppendToBlanjaAutoplacedReport is PASSED]]></system-out>
         <system-err><![CDATA[]]></system-err>
      </testcase>
      <testcase name="Test Cases/03_Trade/ChooseMethodPaymentMobileReguler/TC_ClickCheckout_GetLastOrderID_ExportTo_Blanja_Autoplaced" classname="Test Cases/03_Trade/ChooseMethodPaymentMobileReguler/TC_ClickCheckout_GetLastOrderID_ExportTo_Blanja_Autoplaced" status="PASSED">
         <system-out><![CDATA[2018-10-17 11:01:11 - [TEST_CASE][PASSED] - Test Cases/03_Trade/ChooseMethodPaymentMobileReguler/TC_ClickCheckout_GetLastOrderID_ExportTo_Blanja_Autoplaced: Test Cases/03_Trade/ChooseMethodPaymentMobileReguler/TC_ClickCheckout_GetLastOrderID_ExportTo_Blanja_Autoplaced

2018-10-17 11:01:12 - [TEST_STEP][PASSED] - delay: Delayed 1 second(s)

2018-10-17 11:01:13 - [MESSAGE][PASSED] - Delayed 1 second(s)

2018-10-17 11:01:13 - [TEST_STEP][PASSED] - click: Object: 'Object Repository/Trade_Payment_Method/input_checkOut_Reguler' is clicked on

2018-10-17 11:01:13 - [MESSAGE][PASSED] - Object: 'Object Repository/Trade_Payment_Method/input_checkOut_Reguler' is clicked on

2018-10-17 11:01:13 - [TEST_STEP][PASSED] - navigateToUrl: Navigate to 'https://m.blanja.com/mobile/trades/index' successfully

2018-10-17 11:01:13 - [MESSAGE][PASSED] - Navigate to 'https://m.blanja.com/mobile/trades/index' successfully

2018-10-17 11:01:13 - [TEST_STEP][PASSED] - Statement - orderNumber = " - " + com.kms.katalon.core.webui.keyword.WebUiBuiltInKeywords.getText(com.kms.katalon.core.testobject.ObjectRepository.findTestObject(Member_BlanjaanSaya/Label_FirstOrderNumber)): Text of object 'Object Repository/Member_BlanjaanSaya/Label_FirstOrderNumber' is: 'No. Order : 418694700328884019
17 Okt 2018 11:00
Pantene Black Shine
  Rp 20.000 x 1'

2018-10-17 11:01:14 - [MESSAGE][PASSED] - Text of object 'Object Repository/Member_BlanjaanSaya/Label_FirstOrderNumber' is: 'No. Order : 418694700328884019
17 Okt 2018 11:00
Pantene Black Shine
  Rp 20.000 x 1'

2018-10-17 11:01:14 - [TEST_STEP][PASSED] - blj.common.report.Autoplaced.AppendToBlanjaAutoplacedReport: blj.common.report.Autoplaced.AppendToBlanjaAutoplacedReport is PASSED

2018-10-17 11:01:15 - [MESSAGE][PASSED] - blj.common.report.Autoplaced.AppendToBlanjaAutoplacedReport is PASSED

2018-10-17 11:01:15 - [TEST_STEP][PASSED] - blj.common.report.Autoplaced.AppendToBlanjaAutoplacedReport: blj.common.report.Autoplaced.AppendToBlanjaAutoplacedReport is PASSED

2018-10-17 11:01:15 - [MESSAGE][PASSED] - blj.common.report.Autoplaced.AppendToBlanjaAutoplacedReport is PASSED]]></system-out>
         <system-err><![CDATA[]]></system-err>
      </testcase>
      <system-out><![CDATA[2018-10-17 11:00:36 - [TEST_SUITE][PASSED] - TS_03_Autoplaced_Mandiri_Kartu_KreditCicilan: Test Cases/03_Trade/ChooseMethodPaymentMobileReguler/TC_ClickCheckout_GetLastOrderID_ExportTo_Blanja_Autoplaced]]></system-out>
      <system-err><![CDATA[]]></system-err>
   </testsuite>
</testsuites>
