<?xml version="1.0" encoding="UTF-8"?>
<testsuites name="test" time="25" tests="2" failures="0" errors="0">
   <testsuite name="test" tests="2" failures="0" errors="0" time="25" timestamp="2018-10-15 15:39:10" hostname="cipta.andhika - CIPTA-E460.ad.metraplasa.co.id" id="Test Suites/AutoplacedMweb_Reguler/test">
      <properties>
         <property name="deviceName" value=""/>
         <property name="devicePlatform" value=""/>
         <property name="logFolder" value="C:\\Users\\cipta.andhika\\Katalon Studio\\Blanja_Mobile_Pulsa\\Reports\\AutoplacedMweb_Reguler\\test\\20181015_153908"/>
         <property name="logFiles" value="C:\\Users\\cipta.andhika\\Katalon Studio\\Blanja_Mobile_Pulsa\\Reports\\AutoplacedMweb_Reguler\\test\\20181015_153908\\execution0.log"/>
         <property name="attachments" value=""/>
         <property name="hostName" value="cipta.andhika - CIPTA-E460.ad.metraplasa.co.id"/>
         <property name="os" value="Windows 10 64bit"/>
         <property name="katalonVersion" value="5.8.0.1"/>
         <property name="browser" value="Chrome 65.0.3302.0"/>
         <property name="hostAddress" value="172.16.31.128"/>
         <property name="sessionId" value="49125dfbe4e07a295285b7f7f8cb0602"/>
         <property name="seleniumVersion" value="3.7.1"/>
         <property name="proxyInformation" value="ProxyInformation{proxyOption=NO_PROXY, proxyServerType=HTTP, password=, proxyServerAddress=, proxyServerPort=0}"/>
         <property name="platform" value="Windows 10"/>
      </properties>
      <testcase name="Test Cases/01_Member/Login_Reguler" classname="Test Cases/01_Member/Login_Reguler" status="PASSED">
         <system-out><![CDATA[2018-10-15 15:39:11 - [TEST_CASE][PASSED] - Test Cases/01_Member/Login_Reguler: Test Cases/01_Member/Login_Reguler

2018-10-15 15:39:11 - [TEST_STEP][PASSED] - openBrowser: Browser is opened with url: ''

2018-10-15 15:39:14 - [MESSAGE][PASSED] - Browser is opened with url: ''

2018-10-15 15:39:14 - [TEST_STEP][PASSED] - navigateToUrl: Navigate to 'https://m.blanja.com/member/login' successfully

2018-10-15 15:39:18 - [MESSAGE][PASSED] - Navigate to 'https://m.blanja.com/member/login' successfully

2018-10-15 15:39:18 - [TEST_STEP][PASSED] - setText: Text 'testblj2' is set on object 'Object Repository/Member_Login/username'

2018-10-15 15:39:18 - [MESSAGE][PASSED] - Text 'testblj2' is set on object 'Object Repository/Member_Login/username'

2018-10-15 15:39:18 - [TEST_STEP][PASSED] - setText: Text '123qwe' is set on object 'Object Repository/Member_Login/password'

2018-10-15 15:39:18 - [MESSAGE][PASSED] - Text '123qwe' is set on object 'Object Repository/Member_Login/password'

2018-10-15 15:39:18 - [TEST_STEP][PASSED] - click: Object: 'Object Repository/Member_Login/Button_Masuk' is clicked on

2018-10-15 15:39:19 - [MESSAGE][PASSED] - Object: 'Object Repository/Member_Login/Button_Masuk' is clicked on

2018-10-15 15:39:19 - [TEST_STEP][PASSED] - delay: Delayed 2 second(s)

2018-10-15 15:39:21 - [MESSAGE][PASSED] - Delayed 2 second(s)]]></system-out>
         <system-err><![CDATA[]]></system-err>
      </testcase>
      <testcase name="Test Cases/03_PDP/PDP_Reguler" classname="Test Cases/03_PDP/PDP_Reguler" status="PASSED">
         <system-out><![CDATA[2018-10-15 15:39:21 - [TEST_CASE][PASSED] - Test Cases/03_PDP/PDP_Reguler: Test Cases/03_PDP/PDP_Reguler

2018-10-15 15:39:21 - [TEST_STEP][PASSED] - navigateToUrl: Navigate to 'https://m.blanja.com/item/jual-beli-pantene-black-shine-18983897' successfully

2018-10-15 15:39:26 - [MESSAGE][PASSED] - Navigate to 'https://m.blanja.com/item/jual-beli-pantene-black-shine-18983897' successfully

2018-10-15 15:39:26 - [TEST_STEP][PASSED] - delay: Delayed 2 second(s)

2018-10-15 15:39:28 - [MESSAGE][PASSED] - Delayed 2 second(s)

2018-10-15 15:39:28 - [TEST_STEP][PASSED] - click: Object: 'Object Repository/PDP/close_dialog_gojek' is clicked on

2018-10-15 15:39:28 - [MESSAGE][PASSED] - Object: 'Object Repository/PDP/close_dialog_gojek' is clicked on

2018-10-15 15:39:28 - [TEST_STEP][PASSED] - delay: Delayed 2 second(s)

2018-10-15 15:39:30 - [MESSAGE][PASSED] - Delayed 2 second(s)

2018-10-15 15:39:30 - [TEST_STEP][PASSED] - click: Object: 'Object Repository/PDP/Btn_tambah_ketroli' is clicked on

2018-10-15 15:39:31 - [MESSAGE][PASSED] - Object: 'Object Repository/PDP/Btn_tambah_ketroli' is clicked on

2018-10-15 15:39:31 - [TEST_STEP][PASSED] - click: Object: 'Object Repository/PDP/Btn_ke_pembayaran' is clicked on

2018-10-15 15:39:32 - [MESSAGE][PASSED] - Object: 'Object Repository/PDP/Btn_ke_pembayaran' is clicked on

2018-10-15 15:39:32 - [TEST_STEP][PASSED] - click: Object: 'Object Repository/PDP/Btn_Pembayaran' is clicked on

2018-10-15 15:39:34 - [MESSAGE][PASSED] - Object: 'Object Repository/PDP/Btn_Pembayaran' is clicked on]]></system-out>
         <system-err><![CDATA[]]></system-err>
      </testcase>
      <system-out><![CDATA[2018-10-15 15:39:10 - [TEST_SUITE][PASSED] - test: Test Cases/03_PDP/PDP_Reguler]]></system-out>
      <system-err><![CDATA[]]></system-err>
   </testsuite>
</testsuites>
