<?xml version="1.0" encoding="UTF-8"?>
<testsuites name="TS_07_Autoplaced_BNI_VirtualAccount" time="36" tests="4" failures="0" errors="0">
   <testsuite name="TS_07_Autoplaced_BNI_VirtualAccount" tests="4" failures="0" errors="0" time="36" timestamp="2018-10-17 09:57:32" hostname="cipta.andhika - CIPTA-E460.ad.metraplasa.co.id" id="Test Suites/AutoplacedMweb_Reguler/TS_07_Autoplaced_BNI_VirtualAccount">
      <properties>
         <property name="deviceName" value=""/>
         <property name="devicePlatform" value=""/>
         <property name="logFolder" value="C:\\Users\\cipta.andhika\\Katalon Studio\\Blanja_Mobile_Pulsa\\Reports\\AutoplacedMweb_Reguler\\TS_07_Autoplaced_BNI_VirtualAccount\\20181017_095313"/>
         <property name="logFiles" value="C:\\Users\\cipta.andhika\\Katalon Studio\\Blanja_Mobile_Pulsa\\Reports\\AutoplacedMweb_Reguler\\TS_07_Autoplaced_BNI_VirtualAccount\\20181017_095313\\execution0.log"/>
         <property name="attachments" value=""/>
         <property name="hostName" value="cipta.andhika - CIPTA-E460.ad.metraplasa.co.id"/>
         <property name="os" value="Windows 10 64bit"/>
         <property name="katalonVersion" value="5.8.0.1"/>
         <property name="browser" value="Chrome 65.0.3302.0"/>
         <property name="hostAddress" value="10.10.99.0"/>
         <property name="sessionId" value="c16175217070129245e82b6e290b82ce"/>
         <property name="seleniumVersion" value="3.7.1"/>
         <property name="proxyInformation" value="ProxyInformation{proxyOption=NO_PROXY, proxyServerType=HTTP, password=, proxyServerAddress=, proxyServerPort=0}"/>
         <property name="platform" value="Windows 10"/>
      </properties>
      <testcase name="Test Cases/01_Member/Login_Reguler" classname="Test Cases/01_Member/Login_Reguler" status="PASSED">
         <system-out><![CDATA[2018-10-17 09:57:33 - [TEST_CASE][PASSED] - Test Cases/01_Member/Login_Reguler: Test Cases/01_Member/Login_Reguler

2018-10-17 09:57:33 - [TEST_STEP][PASSED] - openBrowser: Browser is opened with url: ''

2018-10-17 09:57:38 - [MESSAGE][PASSED] - Browser is opened with url: ''

2018-10-17 09:57:38 - [TEST_STEP][PASSED] - navigateToUrl: Navigate to 'https://m.blanja.com/member/login' successfully

2018-10-17 09:57:39 - [MESSAGE][PASSED] - Navigate to 'https://m.blanja.com/member/login' successfully

2018-10-17 09:57:39 - [TEST_STEP][PASSED] - maximizeWindow: Current window maximized

2018-10-17 09:57:41 - [MESSAGE][PASSED] - Current window maximized

2018-10-17 09:57:41 - [TEST_STEP][PASSED] - setText: Text 'testblj2' is set on object 'Object Repository/Member_Login/username'

2018-10-17 09:57:41 - [MESSAGE][PASSED] - Text 'testblj2' is set on object 'Object Repository/Member_Login/username'

2018-10-17 09:57:41 - [TEST_STEP][PASSED] - setText: Text '123qwe' is set on object 'Object Repository/Member_Login/password'

2018-10-17 09:57:41 - [MESSAGE][PASSED] - Text '123qwe' is set on object 'Object Repository/Member_Login/password'

2018-10-17 09:57:41 - [TEST_STEP][PASSED] - click: Object: 'Object Repository/Member_Login/Button_Masuk' is clicked on

2018-10-17 09:57:42 - [MESSAGE][PASSED] - Object: 'Object Repository/Member_Login/Button_Masuk' is clicked on

2018-10-17 09:57:42 - [TEST_STEP][PASSED] - delay: Delayed 2 second(s)

2018-10-17 09:57:44 - [MESSAGE][PASSED] - Delayed 2 second(s)]]></system-out>
         <system-err><![CDATA[]]></system-err>
      </testcase>
      <testcase name="Test Cases/02_PDP/PDP_Reguler" classname="Test Cases/02_PDP/PDP_Reguler" status="PASSED">
         <system-out><![CDATA[2018-10-17 09:57:44 - [TEST_CASE][PASSED] - Test Cases/02_PDP/PDP_Reguler: Test Cases/02_PDP/PDP_Reguler

2018-10-17 09:57:44 - [TEST_STEP][PASSED] - navigateToUrl: Navigate to 'https://m.blanja.com/item/jual-beli-pantene-black-shine-18983897' successfully

2018-10-17 09:57:49 - [MESSAGE][PASSED] - Navigate to 'https://m.blanja.com/item/jual-beli-pantene-black-shine-18983897' successfully

2018-10-17 09:57:49 - [TEST_STEP][PASSED] - delay: Delayed 2 second(s)

2018-10-17 09:57:51 - [MESSAGE][PASSED] - Delayed 2 second(s)

2018-10-17 09:57:51 - [TEST_STEP][PASSED] - click: Object: 'Object Repository/PDP/close_dialog_gojek' is clicked on

2018-10-17 09:57:51 - [MESSAGE][PASSED] - Object: 'Object Repository/PDP/close_dialog_gojek' is clicked on

2018-10-17 09:57:51 - [TEST_STEP][PASSED] - delay: Delayed 2 second(s)

2018-10-17 09:57:53 - [MESSAGE][PASSED] - Delayed 2 second(s)

2018-10-17 09:57:53 - [TEST_STEP][PASSED] - click: Object: 'Object Repository/PDP/Btn_tambah_ketroli' is clicked on

2018-10-17 09:57:53 - [MESSAGE][PASSED] - Object: 'Object Repository/PDP/Btn_tambah_ketroli' is clicked on

2018-10-17 09:57:53 - [TEST_STEP][PASSED] - delay: Delayed 2 second(s)

2018-10-17 09:57:55 - [MESSAGE][PASSED] - Delayed 2 second(s)

2018-10-17 09:57:55 - [TEST_STEP][PASSED] - click: Object: 'Object Repository/PDP/Btn_ke_pembayaran' is clicked on

2018-10-17 09:57:57 - [MESSAGE][PASSED] - Object: 'Object Repository/PDP/Btn_ke_pembayaran' is clicked on

2018-10-17 09:57:57 - [TEST_STEP][PASSED] - delay: Delayed 2 second(s)

2018-10-17 09:57:59 - [MESSAGE][PASSED] - Delayed 2 second(s)

2018-10-17 09:57:59 - [TEST_STEP][PASSED] - click: Object: 'Object Repository/PDP/Btn_Pembayaran' is clicked on

2018-10-17 09:58:01 - [MESSAGE][PASSED] - Object: 'Object Repository/PDP/Btn_Pembayaran' is clicked on]]></system-out>
         <system-err><![CDATA[]]></system-err>
      </testcase>
      <testcase name="Test Cases/03_Trade/ChooseMethodPaymentMobileReguler/TC_07_ChooseMethodPayment_BNI_VirtualAccount" classname="Test Cases/03_Trade/ChooseMethodPaymentMobileReguler/TC_07_ChooseMethodPayment_BNI_VirtualAccount" status="PASSED">
         <system-out><![CDATA[2018-10-17 09:58:01 - [TEST_CASE][PASSED] - Test Cases/03_Trade/ChooseMethodPaymentMobileReguler/TC_07_ChooseMethodPayment_BNI_VirtualAccount: Test Cases/03_Trade/ChooseMethodPaymentMobileReguler/TC_07_ChooseMethodPayment_BNI_VirtualAccount

2018-10-17 09:58:01 - [TEST_STEP][PASSED] - selectOptionByLabel: All options with label 'Kurir Standar' are selected in object 'Object Repository/Jasa_Pengiriman/Pilih_Pengiriman' 

2018-10-17 09:58:02 - [MESSAGE][PASSED] - All options with label 'Kurir Standar' are selected in object 'Object Repository/Jasa_Pengiriman/Pilih_Pengiriman' 

2018-10-17 09:58:02 - [TEST_STEP][PASSED] - delay: Delayed 1 second(s)

2018-10-17 09:58:03 - [MESSAGE][PASSED] - Delayed 1 second(s)

2018-10-17 09:58:03 - [TEST_STEP][PASSED] - click: Object: 'Object Repository/Trade_Payment_Method/Click_Bank/ClickBank/Click_02_BNI' is clicked on

2018-10-17 09:58:03 - [MESSAGE][PASSED] - Object: 'Object Repository/Trade_Payment_Method/Click_Bank/ClickBank/Click_02_BNI' is clicked on

2018-10-17 09:58:03 - [TEST_STEP][PASSED] - delay: Delayed 1 second(s)

2018-10-17 09:58:04 - [MESSAGE][PASSED] - Delayed 1 second(s)

2018-10-17 09:58:04 - [TEST_STEP][PASSED] - click: Object: 'Object Repository/Trade_Payment_Method/Click_Bank/BNI_Reguler/Click_6_BNI_VirtualAccount' is clicked on

2018-10-17 09:58:04 - [MESSAGE][PASSED] - Object: 'Object Repository/Trade_Payment_Method/Click_Bank/BNI_Reguler/Click_6_BNI_VirtualAccount' is clicked on

2018-10-17 09:58:04 - [TEST_STEP][PASSED] - blj.common.report.Autoplaced.AppendToBlanjaAutoplacedReport: blj.common.report.Autoplaced.AppendToBlanjaAutoplacedReport is PASSED

2018-10-17 09:58:04 - [MESSAGE][PASSED] - blj.common.report.Autoplaced.AppendToBlanjaAutoplacedReport is PASSED]]></system-out>
         <system-err><![CDATA[]]></system-err>
      </testcase>
      <testcase name="Test Cases/03_Trade/ChooseMethodPaymentMobileReguler/TC_ClickCheckout_GetLastOrderID_ExportTo_Blanja_Autoplaced" classname="Test Cases/03_Trade/ChooseMethodPaymentMobileReguler/TC_ClickCheckout_GetLastOrderID_ExportTo_Blanja_Autoplaced" status="PASSED">
         <system-out><![CDATA[2018-10-17 09:58:04 - [TEST_CASE][PASSED] - Test Cases/03_Trade/ChooseMethodPaymentMobileReguler/TC_ClickCheckout_GetLastOrderID_ExportTo_Blanja_Autoplaced: Test Cases/03_Trade/ChooseMethodPaymentMobileReguler/TC_ClickCheckout_GetLastOrderID_ExportTo_Blanja_Autoplaced

2018-10-17 09:58:05 - [TEST_STEP][PASSED] - delay: Delayed 1 second(s)

2018-10-17 09:58:06 - [MESSAGE][PASSED] - Delayed 1 second(s)

2018-10-17 09:58:06 - [TEST_STEP][PASSED] - click: Object: 'Object Repository/Trade_Payment_Method/input_checkOut_Reguler' is clicked on

2018-10-17 09:58:06 - [MESSAGE][PASSED] - Object: 'Object Repository/Trade_Payment_Method/input_checkOut_Reguler' is clicked on

2018-10-17 09:58:06 - [TEST_STEP][PASSED] - navigateToUrl: Navigate to 'https://m.blanja.com/mobile/trades/index' successfully

2018-10-17 09:58:07 - [MESSAGE][PASSED] - Navigate to 'https://m.blanja.com/mobile/trades/index' successfully

2018-10-17 09:58:07 - [TEST_STEP][PASSED] - Statement - orderNumber = " - " + com.kms.katalon.core.webui.keyword.WebUiBuiltInKeywords.getText(com.kms.katalon.core.testobject.ObjectRepository.findTestObject(Member_BlanjaanSaya/Label_FirstOrderNumber)): Text of object 'Object Repository/Member_BlanjaanSaya/Label_FirstOrderNumber' is: 'No. Order : 418694557275184019
17 Okt 2018 09:57
Pantene Black Shine
  Rp 20.000 x 3'

2018-10-17 09:58:08 - [MESSAGE][PASSED] - Text of object 'Object Repository/Member_BlanjaanSaya/Label_FirstOrderNumber' is: 'No. Order : 418694557275184019
17 Okt 2018 09:57
Pantene Black Shine
  Rp 20.000 x 3'

2018-10-17 09:58:08 - [TEST_STEP][PASSED] - blj.common.report.Autoplaced.AppendToBlanjaAutoplacedReport: blj.common.report.Autoplaced.AppendToBlanjaAutoplacedReport is PASSED

2018-10-17 09:58:08 - [MESSAGE][PASSED] - blj.common.report.Autoplaced.AppendToBlanjaAutoplacedReport is PASSED

2018-10-17 09:58:08 - [TEST_STEP][PASSED] - blj.common.report.Autoplaced.AppendToBlanjaAutoplacedReport: blj.common.report.Autoplaced.AppendToBlanjaAutoplacedReport is PASSED

2018-10-17 09:58:08 - [MESSAGE][PASSED] - blj.common.report.Autoplaced.AppendToBlanjaAutoplacedReport is PASSED]]></system-out>
         <system-err><![CDATA[]]></system-err>
      </testcase>
      <system-out><![CDATA[2018-10-17 09:57:32 - [TEST_SUITE][PASSED] - TS_07_Autoplaced_BNI_VirtualAccount: Test Cases/03_Trade/ChooseMethodPaymentMobileReguler/TC_ClickCheckout_GetLastOrderID_ExportTo_Blanja_Autoplaced]]></system-out>
      <system-err><![CDATA[]]></system-err>
   </testsuite>
</testsuites>
