<?xml version="1.0" encoding="UTF-8"?>
<testsuites name="TS_29_Autoplaced_Kartu_KreditCicilan" time="25" tests="3" failures="0" errors="0">
   <testsuite name="TS_29_Autoplaced_Kartu_KreditCicilan" tests="3" failures="0" errors="0" time="25" timestamp="2018-10-11 15:50:46" hostname="cipta.andhika - CIPTA-E460.ad.metraplasa.co.id" id="Test Suites/AutoplacedMobile_Pulsa/TS_29_Autoplaced_Kartu_KreditCicilan">
      <properties>
         <property name="deviceName" value=""/>
         <property name="devicePlatform" value=""/>
         <property name="logFolder" value="C:\\Users\\cipta.andhika\\Katalon Studio\\Blanja_Mobile_Pulsa\\Reports\\AutoplacedMobile_Pulsa\\TS_29_Autoplaced_Kartu_KreditCicilan\\20181011_155044"/>
         <property name="logFiles" value="C:\\Users\\cipta.andhika\\Katalon Studio\\Blanja_Mobile_Pulsa\\Reports\\AutoplacedMobile_Pulsa\\TS_29_Autoplaced_Kartu_KreditCicilan\\20181011_155044\\execution0.log"/>
         <property name="attachments" value=""/>
         <property name="hostName" value="cipta.andhika - CIPTA-E460.ad.metraplasa.co.id"/>
         <property name="os" value="Windows 10 64bit"/>
         <property name="katalonVersion" value="5.8.0.1"/>
         <property name="browser" value="Chrome 65.0.3302.0"/>
         <property name="hostAddress" value="10.10.99.244"/>
         <property name="sessionId" value="bc6ae24d7295b3fe41bda2746479c901"/>
         <property name="seleniumVersion" value="3.7.1"/>
         <property name="proxyInformation" value="ProxyInformation{proxyOption=NO_PROXY, proxyServerType=HTTP, password=, proxyServerAddress=, proxyServerPort=0}"/>
         <property name="platform" value="Windows 10"/>
      </properties>
      <testcase name="Test Cases/01_Member/Login Mobile_500ribu" classname="Test Cases/01_Member/Login Mobile_500ribu" status="PASSED">
         <system-out><![CDATA[2018-10-11 15:50:46 - [TEST_CASE][PASSED] - Test Cases/01_Member/Login Mobile_500ribu: Test Cases/01_Member/Login Mobile_500ribu

2018-10-11 15:50:47 - [TEST_STEP][PASSED] - openBrowser: Browser is opened with url: ''

2018-10-11 15:50:50 - [MESSAGE][PASSED] - Browser is opened with url: ''

2018-10-11 15:50:50 - [TEST_STEP][PASSED] - navigateToUrl: Navigate to 'https://m.blanja.com/member/login' successfully

2018-10-11 15:50:52 - [MESSAGE][PASSED] - Navigate to 'https://m.blanja.com/member/login' successfully

2018-10-11 15:50:52 - [TEST_STEP][PASSED] - setText: Text 'testblj2' is set on object 'Object Repository/Member_Login/username'

2018-10-11 15:50:53 - [MESSAGE][PASSED] - Text 'testblj2' is set on object 'Object Repository/Member_Login/username'

2018-10-11 15:50:53 - [TEST_STEP][PASSED] - setText: Text '123qwe' is set on object 'Object Repository/Member_Login/password'

2018-10-11 15:50:53 - [MESSAGE][PASSED] - Text '123qwe' is set on object 'Object Repository/Member_Login/password'

2018-10-11 15:50:53 - [TEST_STEP][PASSED] - click: Object: 'Object Repository/Member_Login/Button_Masuk' is clicked on

2018-10-11 15:50:54 - [MESSAGE][PASSED] - Object: 'Object Repository/Member_Login/Button_Masuk' is clicked on

2018-10-11 15:50:54 - [TEST_STEP][PASSED] - delay: Delayed 2 second(s)

2018-10-11 15:50:56 - [MESSAGE][PASSED] - Delayed 2 second(s)

2018-10-11 15:50:56 - [TEST_STEP][PASSED] - navigateToUrl: Navigate to 'https://m.blanja.com/top-up/pulsa' successfully

2018-10-11 15:50:58 - [MESSAGE][PASSED] - Navigate to 'https://m.blanja.com/top-up/pulsa' successfully

2018-10-11 15:50:58 - [TEST_STEP][PASSED] - delay: Delayed 2 second(s)

2018-10-11 15:51:00 - [MESSAGE][PASSED] - Delayed 2 second(s)

2018-10-11 15:51:00 - [TEST_STEP][PASSED] - setText: Text '081289138338' is set on object 'Object Repository/Pulsa_Mobile/nmr_hp'

2018-10-11 15:51:00 - [MESSAGE][PASSED] - Text '081289138338' is set on object 'Object Repository/Pulsa_Mobile/nmr_hp'

2018-10-11 15:51:00 - [TEST_STEP][PASSED] - delay: Delayed 2 second(s)

2018-10-11 15:51:02 - [MESSAGE][PASSED] - Delayed 2 second(s)

2018-10-11 15:51:02 - [TEST_STEP][PASSED] - click: Object: 'Object Repository/Pulsa_Mobile/Pilih_nominal' is clicked on

2018-10-11 15:51:03 - [MESSAGE][PASSED] - Object: 'Object Repository/Pulsa_Mobile/Pilih_nominal' is clicked on

2018-10-11 15:51:03 - [TEST_STEP][PASSED] - delay: Delayed 1 second(s)

2018-10-11 15:51:04 - [MESSAGE][PASSED] - Delayed 1 second(s)

2018-10-11 15:51:04 - [TEST_STEP][PASSED] - click: Object: 'Object Repository/Pulsa_Mobile/Nominal1' is clicked on

2018-10-11 15:51:04 - [MESSAGE][PASSED] - Object: 'Object Repository/Pulsa_Mobile/Nominal1' is clicked on

2018-10-11 15:51:04 - [TEST_STEP][PASSED] - delay: Delayed 1 second(s)

2018-10-11 15:51:05 - [MESSAGE][PASSED] - Delayed 1 second(s)

2018-10-11 15:51:05 - [TEST_STEP][PASSED] - click: Object: 'Object Repository/Pulsa_Mobile/Blanja_Sekarang' is clicked on

2018-10-11 15:51:05 - [MESSAGE][PASSED] - Object: 'Object Repository/Pulsa_Mobile/Blanja_Sekarang' is clicked on

2018-10-11 15:51:05 - [TEST_STEP][PASSED] - delay: Delayed 1 second(s)

2018-10-11 15:51:06 - [MESSAGE][PASSED] - Delayed 1 second(s)]]></system-out>
         <system-err><![CDATA[]]></system-err>
      </testcase>
      <testcase name="Test Cases/02_ChooseMethodPaymentMobilePulsa/TC_29_ChooseMethodPayment_Kartu_KreditCicilan" classname="Test Cases/02_ChooseMethodPaymentMobilePulsa/TC_29_ChooseMethodPayment_Kartu_KreditCicilan" status="PASSED">
         <system-out><![CDATA[2018-10-11 15:51:07 - [TEST_CASE][PASSED] - Test Cases/02_ChooseMethodPaymentMobilePulsa/TC_29_ChooseMethodPayment_Kartu_KreditCicilan: Test Cases/02_ChooseMethodPaymentMobilePulsa/TC_29_ChooseMethodPayment_Kartu_KreditCicilan

2018-10-11 15:51:07 - [TEST_STEP][PASSED] - click: Object: 'Object Repository/Trade_Payment_Method/Click_Bank/ClickBank/Click_12_BayarDiOutlet' is clicked on

2018-10-11 15:51:07 - [MESSAGE][PASSED] - Object: 'Object Repository/Trade_Payment_Method/Click_Bank/ClickBank/Click_12_BayarDiOutlet' is clicked on

2018-10-11 15:51:07 - [TEST_STEP][PASSED] - delay: Delayed 1 second(s)

2018-10-11 15:51:08 - [MESSAGE][PASSED] - Delayed 1 second(s)

2018-10-11 15:51:08 - [TEST_STEP][PASSED] - click: Object: 'Object Repository/Trade_Payment_Method/Click_Bank/ClickBank/Click_Kartu_KreditCicilan/Click_13_Kartu_KreditCicilan' is clicked on

2018-10-11 15:51:08 - [MESSAGE][PASSED] - Object: 'Object Repository/Trade_Payment_Method/Click_Bank/ClickBank/Click_Kartu_KreditCicilan/Click_13_Kartu_KreditCicilan' is clicked on

2018-10-11 15:51:08 - [TEST_STEP][PASSED] - click: Object: 'Object Repository/Trade_Payment_Method/Click_Bank/ClickBank/Click_Kartu_KreditCicilan/Click_Silahkan_pilih' is clicked on

2018-10-11 15:51:08 - [MESSAGE][PASSED] - Object: 'Object Repository/Trade_Payment_Method/Click_Bank/ClickBank/Click_Kartu_KreditCicilan/Click_Silahkan_pilih' is clicked on

2018-10-11 15:51:08 - [TEST_STEP][PASSED] - click: Object: 'Object Repository/Trade_Payment_Method/Click_Bank/ClickBank/Click_Kartu_KreditCicilan/Click_3Bulan' is clicked on

2018-10-11 15:51:09 - [MESSAGE][PASSED] - Object: 'Object Repository/Trade_Payment_Method/Click_Bank/ClickBank/Click_Kartu_KreditCicilan/Click_3Bulan' is clicked on

2018-10-11 15:51:09 - [TEST_STEP][PASSED] - blj.common.report.Autoplaced.AppendToBlanjaAutoplacedReport: blj.common.report.Autoplaced.AppendToBlanjaAutoplacedReport is PASSED

2018-10-11 15:51:09 - [MESSAGE][PASSED] - blj.common.report.Autoplaced.AppendToBlanjaAutoplacedReport is PASSED]]></system-out>
         <system-err><![CDATA[]]></system-err>
      </testcase>
      <testcase name="Test Cases/02_ChooseMethodPaymentMobilePulsa/TC_ClickCheckout_GetLastOrderID_ExportTo_Blanja_Autoplaced" classname="Test Cases/02_ChooseMethodPaymentMobilePulsa/TC_ClickCheckout_GetLastOrderID_ExportTo_Blanja_Autoplaced" status="PASSED">
         <system-out><![CDATA[2018-10-11 15:51:09 - [TEST_CASE][PASSED] - Test Cases/02_ChooseMethodPaymentMobilePulsa/TC_ClickCheckout_GetLastOrderID_ExportTo_Blanja_Autoplaced: Test Cases/02_ChooseMethodPaymentMobilePulsa/TC_ClickCheckout_GetLastOrderID_ExportTo_Blanja_Autoplaced

2018-10-11 15:51:09 - [TEST_STEP][PASSED] - click: Object: 'Object Repository/Trade_Payment_Method/input_checkOut' is clicked on

2018-10-11 15:51:09 - [MESSAGE][PASSED] - Object: 'Object Repository/Trade_Payment_Method/input_checkOut' is clicked on

2018-10-11 15:51:09 - [TEST_STEP][PASSED] - navigateToUrl: Navigate to 'https://m.blanja.com/mobile/trades/index' successfully

2018-10-11 15:51:10 - [MESSAGE][PASSED] - Navigate to 'https://m.blanja.com/mobile/trades/index' successfully

2018-10-11 15:51:10 - [TEST_STEP][PASSED] - Statement - orderNumber = " - " + com.kms.katalon.core.webui.keyword.WebUiBuiltInKeywords.getText(com.kms.katalon.core.testobject.ObjectRepository.findTestObject(Member_BlanjaanSaya/Label_FirstOrderNumber)): Text of object 'Object Repository/Member_BlanjaanSaya/Label_FirstOrderNumber' is: 'No. Order : 418680740196484019
11 Okt 2018 15:40
Voucher Blanja Potongan 10.000
  Rp 100.000 x 1'

2018-10-11 15:51:11 - [MESSAGE][PASSED] - Text of object 'Object Repository/Member_BlanjaanSaya/Label_FirstOrderNumber' is: 'No. Order : 418680740196484019
11 Okt 2018 15:40
Voucher Blanja Potongan 10.000
  Rp 100.000 x 1'

2018-10-11 15:51:11 - [TEST_STEP][PASSED] - blj.common.report.Autoplaced.AppendToBlanjaAutoplacedReport: blj.common.report.Autoplaced.AppendToBlanjaAutoplacedReport is PASSED

2018-10-11 15:51:11 - [MESSAGE][PASSED] - blj.common.report.Autoplaced.AppendToBlanjaAutoplacedReport is PASSED

2018-10-11 15:51:11 - [TEST_STEP][PASSED] - blj.common.report.Autoplaced.AppendToBlanjaAutoplacedReport: blj.common.report.Autoplaced.AppendToBlanjaAutoplacedReport is PASSED

2018-10-11 15:51:11 - [MESSAGE][PASSED] - blj.common.report.Autoplaced.AppendToBlanjaAutoplacedReport is PASSED]]></system-out>
         <system-err><![CDATA[]]></system-err>
      </testcase>
      <system-out><![CDATA[2018-10-11 15:50:46 - [TEST_SUITE][PASSED] - TS_29_Autoplaced_Kartu_KreditCicilan: Test Cases/02_ChooseMethodPaymentMobilePulsa/TC_ClickCheckout_GetLastOrderID_ExportTo_Blanja_Autoplaced]]></system-out>
      <system-err><![CDATA[]]></system-err>
   </testsuite>
</testsuites>
