<?xml version="1.0" encoding="UTF-8"?>
<testsuites name="TS_25_Autoplaced_BayardiOutlet_Indomaret" time="25" tests="3" failures="0" errors="0">
   <testsuite name="TS_25_Autoplaced_BayardiOutlet_Indomaret" tests="3" failures="0" errors="0" time="25" timestamp="2018-10-11 14:54:14" hostname="cipta.andhika - CIPTA-E460.ad.metraplasa.co.id" id="Test Suites/AutoplacedMobile_Pulsa/TS_25_Autoplaced_BayardiOutlet_Indomaret">
      <properties>
         <property name="deviceName" value=""/>
         <property name="devicePlatform" value=""/>
         <property name="logFolder" value="C:\\Users\\cipta.andhika\\Katalon Studio\\Blanja_Mobile_Pulsa\\Reports\\AutoplacedMobile_Pulsa\\TS_25_Autoplaced_BayardiOutlet_Indomaret\\20181011_145412"/>
         <property name="logFiles" value="C:\\Users\\cipta.andhika\\Katalon Studio\\Blanja_Mobile_Pulsa\\Reports\\AutoplacedMobile_Pulsa\\TS_25_Autoplaced_BayardiOutlet_Indomaret\\20181011_145412\\execution0.log"/>
         <property name="attachments" value=""/>
         <property name="hostName" value="cipta.andhika - CIPTA-E460.ad.metraplasa.co.id"/>
         <property name="os" value="Windows 10 64bit"/>
         <property name="katalonVersion" value="5.8.0.1"/>
         <property name="browser" value="Chrome 65.0.3302.0"/>
         <property name="hostAddress" value="10.10.99.244"/>
         <property name="sessionId" value="980f51e81bc9e8b70f8dfbe7a3f36d07"/>
         <property name="seleniumVersion" value="3.7.1"/>
         <property name="proxyInformation" value="ProxyInformation{proxyOption=NO_PROXY, proxyServerType=HTTP, password=, proxyServerAddress=, proxyServerPort=0}"/>
         <property name="platform" value="Windows 10"/>
      </properties>
      <testcase name="Test Cases/01_Member/Login Mobile" classname="Test Cases/01_Member/Login Mobile" status="PASSED">
         <system-out><![CDATA[2018-10-11 14:54:14 - [TEST_CASE][PASSED] - Test Cases/01_Member/Login Mobile: Test Cases/01_Member/Login Mobile

2018-10-11 14:54:15 - [TEST_STEP][PASSED] - openBrowser: Browser is opened with url: ''

2018-10-11 14:54:18 - [MESSAGE][PASSED] - Browser is opened with url: ''

2018-10-11 14:54:18 - [TEST_STEP][PASSED] - navigateToUrl: Navigate to 'https://m.blanja.com/member/login' successfully

2018-10-11 14:54:20 - [MESSAGE][PASSED] - Navigate to 'https://m.blanja.com/member/login' successfully

2018-10-11 14:54:20 - [TEST_STEP][PASSED] - setText: Text 'testblj2' is set on object 'Object Repository/Member_Login/username'

2018-10-11 14:54:20 - [MESSAGE][PASSED] - Text 'testblj2' is set on object 'Object Repository/Member_Login/username'

2018-10-11 14:54:20 - [TEST_STEP][PASSED] - setText: Text '123qwe' is set on object 'Object Repository/Member_Login/password'

2018-10-11 14:54:21 - [MESSAGE][PASSED] - Text '123qwe' is set on object 'Object Repository/Member_Login/password'

2018-10-11 14:54:21 - [TEST_STEP][PASSED] - click: Object: 'Object Repository/Member_Login/Button_Masuk' is clicked on

2018-10-11 14:54:22 - [MESSAGE][PASSED] - Object: 'Object Repository/Member_Login/Button_Masuk' is clicked on

2018-10-11 14:54:22 - [TEST_STEP][PASSED] - delay: Delayed 2 second(s)

2018-10-11 14:54:24 - [MESSAGE][PASSED] - Delayed 2 second(s)

2018-10-11 14:54:24 - [TEST_STEP][PASSED] - navigateToUrl: Navigate to 'https://m.blanja.com/top-up/pulsa' successfully

2018-10-11 14:54:26 - [MESSAGE][PASSED] - Navigate to 'https://m.blanja.com/top-up/pulsa' successfully

2018-10-11 14:54:26 - [TEST_STEP][PASSED] - delay: Delayed 2 second(s)

2018-10-11 14:54:28 - [MESSAGE][PASSED] - Delayed 2 second(s)

2018-10-11 14:54:28 - [TEST_STEP][PASSED] - setText: Text '081289138338' is set on object 'Object Repository/Pulsa_Mobile/nmr_hp'

2018-10-11 14:54:28 - [MESSAGE][PASSED] - Text '081289138338' is set on object 'Object Repository/Pulsa_Mobile/nmr_hp'

2018-10-11 14:54:28 - [TEST_STEP][PASSED] - delay: Delayed 2 second(s)

2018-10-11 14:54:30 - [MESSAGE][PASSED] - Delayed 2 second(s)

2018-10-11 14:54:30 - [TEST_STEP][PASSED] - click: Object: 'Object Repository/Pulsa_Mobile/Pilih_nominal' is clicked on

2018-10-11 14:54:30 - [MESSAGE][PASSED] - Object: 'Object Repository/Pulsa_Mobile/Pilih_nominal' is clicked on

2018-10-11 14:54:30 - [TEST_STEP][PASSED] - delay: Delayed 1 second(s)

2018-10-11 14:54:31 - [MESSAGE][PASSED] - Delayed 1 second(s)

2018-10-11 14:54:31 - [TEST_STEP][PASSED] - click: Object: 'Object Repository/Pulsa_Mobile/Nominal' is clicked on

2018-10-11 14:54:31 - [MESSAGE][PASSED] - Object: 'Object Repository/Pulsa_Mobile/Nominal' is clicked on

2018-10-11 14:54:31 - [TEST_STEP][PASSED] - delay: Delayed 1 second(s)

2018-10-11 14:54:32 - [MESSAGE][PASSED] - Delayed 1 second(s)

2018-10-11 14:54:32 - [TEST_STEP][PASSED] - click: Object: 'Object Repository/Pulsa_Mobile/Blanja_Sekarang' is clicked on

2018-10-11 14:54:33 - [MESSAGE][PASSED] - Object: 'Object Repository/Pulsa_Mobile/Blanja_Sekarang' is clicked on

2018-10-11 14:54:33 - [TEST_STEP][PASSED] - delay: Delayed 1 second(s)

2018-10-11 14:54:34 - [MESSAGE][PASSED] - Delayed 1 second(s)]]></system-out>
         <system-err><![CDATA[]]></system-err>
      </testcase>
      <testcase name="Test Cases/02_ChooseMethodPaymentMobilePulsa/TC_25_ChooseMethodPayment_BayardiOutlet_Indomaret" classname="Test Cases/02_ChooseMethodPaymentMobilePulsa/TC_25_ChooseMethodPayment_BayardiOutlet_Indomaret" status="PASSED">
         <system-out><![CDATA[2018-10-11 14:54:34 - [TEST_CASE][PASSED] - Test Cases/02_ChooseMethodPaymentMobilePulsa/TC_25_ChooseMethodPayment_BayardiOutlet_Indomaret: Test Cases/02_ChooseMethodPaymentMobilePulsa/TC_25_ChooseMethodPayment_BayardiOutlet_Indomaret

2018-10-11 14:54:35 - [TEST_STEP][PASSED] - click: Object: 'Object Repository/Trade_Payment_Method/Click_Bank/ClickBank/Click_12_BayarDiOutlet' is clicked on

2018-10-11 14:54:35 - [MESSAGE][PASSED] - Object: 'Object Repository/Trade_Payment_Method/Click_Bank/ClickBank/Click_12_BayarDiOutlet' is clicked on

2018-10-11 14:54:35 - [TEST_STEP][PASSED] - delay: Delayed 1 second(s)

2018-10-11 14:54:36 - [MESSAGE][PASSED] - Delayed 1 second(s)

2018-10-11 14:54:36 - [TEST_STEP][PASSED] - click: Object: 'Object Repository/Trade_Payment_Method/Click_Bank/BayarDiOutlet/Indomaret' is clicked on

2018-10-11 14:54:36 - [MESSAGE][PASSED] - Object: 'Object Repository/Trade_Payment_Method/Click_Bank/BayarDiOutlet/Indomaret' is clicked on

2018-10-11 14:54:36 - [TEST_STEP][PASSED] - blj.common.report.Autoplaced.AppendToBlanjaAutoplacedReport: blj.common.report.Autoplaced.AppendToBlanjaAutoplacedReport is PASSED

2018-10-11 14:54:36 - [MESSAGE][PASSED] - blj.common.report.Autoplaced.AppendToBlanjaAutoplacedReport is PASSED]]></system-out>
         <system-err><![CDATA[]]></system-err>
      </testcase>
      <testcase name="Test Cases/02_ChooseMethodPaymentMobilePulsa/TC_ClickCheckout_GetLastOrderID_ExportTo_Blanja_Autoplaced" classname="Test Cases/02_ChooseMethodPaymentMobilePulsa/TC_ClickCheckout_GetLastOrderID_ExportTo_Blanja_Autoplaced" status="PASSED">
         <system-out><![CDATA[2018-10-11 14:54:36 - [TEST_CASE][PASSED] - Test Cases/02_ChooseMethodPaymentMobilePulsa/TC_ClickCheckout_GetLastOrderID_ExportTo_Blanja_Autoplaced: Test Cases/02_ChooseMethodPaymentMobilePulsa/TC_ClickCheckout_GetLastOrderID_ExportTo_Blanja_Autoplaced

2018-10-11 14:54:37 - [TEST_STEP][PASSED] - click: Object: 'Object Repository/Trade_Payment_Method/input_checkOut' is clicked on

2018-10-11 14:54:37 - [MESSAGE][PASSED] - Object: 'Object Repository/Trade_Payment_Method/input_checkOut' is clicked on

2018-10-11 14:54:37 - [TEST_STEP][PASSED] - navigateToUrl: Navigate to 'https://m.blanja.com/mobile/trades/index' successfully

2018-10-11 14:54:37 - [MESSAGE][PASSED] - Navigate to 'https://m.blanja.com/mobile/trades/index' successfully

2018-10-11 14:54:37 - [TEST_STEP][PASSED] - Statement - orderNumber = " - " + com.kms.katalon.core.webui.keyword.WebUiBuiltInKeywords.getText(com.kms.katalon.core.testobject.ObjectRepository.findTestObject(Member_BlanjaanSaya/Label_FirstOrderNumber)): Text of object 'Object Repository/Member_BlanjaanSaya/Label_FirstOrderNumber' is: 'No. Order : 418680647095623019
11 Okt 2018 14:47
Telkomsel Pulsa Rp 25.000
Nilai Top Up : 25000, Provider : Simpati 
Rp 25.200 x 1'

2018-10-11 14:54:38 - [MESSAGE][PASSED] - Text of object 'Object Repository/Member_BlanjaanSaya/Label_FirstOrderNumber' is: 'No. Order : 418680647095623019
11 Okt 2018 14:47
Telkomsel Pulsa Rp 25.000
Nilai Top Up : 25000, Provider : Simpati 
Rp 25.200 x 1'

2018-10-11 14:54:38 - [TEST_STEP][PASSED] - blj.common.report.Autoplaced.AppendToBlanjaAutoplacedReport: blj.common.report.Autoplaced.AppendToBlanjaAutoplacedReport is PASSED

2018-10-11 14:54:38 - [MESSAGE][PASSED] - blj.common.report.Autoplaced.AppendToBlanjaAutoplacedReport is PASSED

2018-10-11 14:54:38 - [TEST_STEP][PASSED] - blj.common.report.Autoplaced.AppendToBlanjaAutoplacedReport: blj.common.report.Autoplaced.AppendToBlanjaAutoplacedReport is PASSED

2018-10-11 14:54:39 - [MESSAGE][PASSED] - blj.common.report.Autoplaced.AppendToBlanjaAutoplacedReport is PASSED]]></system-out>
         <system-err><![CDATA[]]></system-err>
      </testcase>
      <system-out><![CDATA[2018-10-11 14:54:14 - [TEST_SUITE][PASSED] - TS_25_Autoplaced_BayardiOutlet_Indomaret: Test Cases/02_ChooseMethodPaymentMobilePulsa/TC_ClickCheckout_GetLastOrderID_ExportTo_Blanja_Autoplaced]]></system-out>
      <system-err><![CDATA[]]></system-err>
   </testsuite>
</testsuites>
