<?xml version="1.0" encoding="UTF-8"?>
<testsuites name="TS_10_Autoplaced_BRI_e-PayBRI" time="26" tests="3" failures="0" errors="0">
   <testsuite name="TS_10_Autoplaced_BRI_e-PayBRI" tests="3" failures="0" errors="0" time="26" timestamp="2018-10-11 11:12:33" hostname="cipta.andhika - CIPTA-E460.ad.metraplasa.co.id" id="Test Suites/AutoplacedMobile_Pulsa/TS_10_Autoplaced_BRI_e-PayBRI">
      <properties>
         <property name="deviceName" value=""/>
         <property name="devicePlatform" value=""/>
         <property name="logFolder" value="C:\\Users\\cipta.andhika\\Katalon Studio\\Blanja_Mobile_Pulsa\\Reports\\AutoplacedMobile_Pulsa\\TS_10_Autoplaced_BRI_e-PayBRI\\20181011_111231"/>
         <property name="logFiles" value="C:\\Users\\cipta.andhika\\Katalon Studio\\Blanja_Mobile_Pulsa\\Reports\\AutoplacedMobile_Pulsa\\TS_10_Autoplaced_BRI_e-PayBRI\\20181011_111231\\execution0.log"/>
         <property name="attachments" value=""/>
         <property name="hostName" value="cipta.andhika - CIPTA-E460.ad.metraplasa.co.id"/>
         <property name="os" value="Windows 10 64bit"/>
         <property name="katalonVersion" value="5.8.0.1"/>
         <property name="browser" value="Chrome 65.0.3302.0"/>
         <property name="hostAddress" value="10.10.99.244"/>
         <property name="sessionId" value="983335094182636ec030baf379504b62"/>
         <property name="seleniumVersion" value="3.7.1"/>
         <property name="proxyInformation" value="ProxyInformation{proxyOption=NO_PROXY, proxyServerType=HTTP, password=, proxyServerAddress=, proxyServerPort=0}"/>
         <property name="platform" value="Windows 10"/>
      </properties>
      <testcase name="Test Cases/01_Member/Login Mobile" classname="Test Cases/01_Member/Login Mobile" status="PASSED">
         <system-out><![CDATA[2018-10-11 11:12:33 - [TEST_CASE][PASSED] - Test Cases/01_Member/Login Mobile: Test Cases/01_Member/Login Mobile

2018-10-11 11:12:34 - [TEST_STEP][PASSED] - openBrowser: Browser is opened with url: ''

2018-10-11 11:12:37 - [MESSAGE][PASSED] - Browser is opened with url: ''

2018-10-11 11:12:37 - [TEST_STEP][PASSED] - navigateToUrl: Navigate to 'https://m.blanja.com/member/login' successfully

2018-10-11 11:12:39 - [MESSAGE][PASSED] - Navigate to 'https://m.blanja.com/member/login' successfully

2018-10-11 11:12:39 - [TEST_STEP][PASSED] - setText: Text 'testblj2' is set on object 'Object Repository/Member_Login/username'

2018-10-11 11:12:39 - [MESSAGE][PASSED] - Text 'testblj2' is set on object 'Object Repository/Member_Login/username'

2018-10-11 11:12:39 - [TEST_STEP][PASSED] - setText: Text '123qwe' is set on object 'Object Repository/Member_Login/password'

2018-10-11 11:12:39 - [MESSAGE][PASSED] - Text '123qwe' is set on object 'Object Repository/Member_Login/password'

2018-10-11 11:12:39 - [TEST_STEP][PASSED] - click: Object: 'Object Repository/Member_Login/Button_Masuk' is clicked on

2018-10-11 11:12:43 - [MESSAGE][PASSED] - Object: 'Object Repository/Member_Login/Button_Masuk' is clicked on

2018-10-11 11:12:43 - [TEST_STEP][PASSED] - delay: Delayed 2 second(s)

2018-10-11 11:12:45 - [MESSAGE][PASSED] - Delayed 2 second(s)

2018-10-11 11:12:45 - [TEST_STEP][PASSED] - navigateToUrl: Navigate to 'https://m.blanja.com/top-up/pulsa' successfully

2018-10-11 11:12:46 - [MESSAGE][PASSED] - Navigate to 'https://m.blanja.com/top-up/pulsa' successfully

2018-10-11 11:12:46 - [TEST_STEP][PASSED] - delay: Delayed 2 second(s)

2018-10-11 11:12:48 - [MESSAGE][PASSED] - Delayed 2 second(s)

2018-10-11 11:12:48 - [TEST_STEP][PASSED] - setText: Text '081289138338' is set on object 'Object Repository/Pulsa_Mobile/nmr_hp'

2018-10-11 11:12:49 - [MESSAGE][PASSED] - Text '081289138338' is set on object 'Object Repository/Pulsa_Mobile/nmr_hp'

2018-10-11 11:12:49 - [TEST_STEP][PASSED] - delay: Delayed 2 second(s)

2018-10-11 11:12:51 - [MESSAGE][PASSED] - Delayed 2 second(s)

2018-10-11 11:12:51 - [TEST_STEP][PASSED] - click: Object: 'Object Repository/Pulsa_Mobile/Pilih_nominal' is clicked on

2018-10-11 11:12:51 - [MESSAGE][PASSED] - Object: 'Object Repository/Pulsa_Mobile/Pilih_nominal' is clicked on

2018-10-11 11:12:51 - [TEST_STEP][PASSED] - delay: Delayed 1 second(s)

2018-10-11 11:12:52 - [MESSAGE][PASSED] - Delayed 1 second(s)

2018-10-11 11:12:52 - [TEST_STEP][PASSED] - click: Object: 'Object Repository/Pulsa_Mobile/Nominal' is clicked on

2018-10-11 11:12:52 - [MESSAGE][PASSED] - Object: 'Object Repository/Pulsa_Mobile/Nominal' is clicked on

2018-10-11 11:12:52 - [TEST_STEP][PASSED] - delay: Delayed 1 second(s)

2018-10-11 11:12:53 - [MESSAGE][PASSED] - Delayed 1 second(s)

2018-10-11 11:12:53 - [TEST_STEP][PASSED] - click: Object: 'Object Repository/Pulsa_Mobile/Blanja_Sekarang' is clicked on

2018-10-11 11:12:54 - [MESSAGE][PASSED] - Object: 'Object Repository/Pulsa_Mobile/Blanja_Sekarang' is clicked on

2018-10-11 11:12:54 - [TEST_STEP][PASSED] - delay: Delayed 1 second(s)

2018-10-11 11:12:55 - [MESSAGE][PASSED] - Delayed 1 second(s)]]></system-out>
         <system-err><![CDATA[]]></system-err>
      </testcase>
      <testcase name="Test Cases/02_ChooseMethodPaymentMobilePulsa/TC_10_ChooseMethodPayment_BRI_e-PayBRI" classname="Test Cases/02_ChooseMethodPaymentMobilePulsa/TC_10_ChooseMethodPayment_BRI_e-PayBRI" status="PASSED">
         <system-out><![CDATA[2018-10-11 11:12:55 - [TEST_CASE][PASSED] - Test Cases/02_ChooseMethodPaymentMobilePulsa/TC_10_ChooseMethodPayment_BRI_e-PayBRI: Test Cases/02_ChooseMethodPaymentMobilePulsa/TC_10_ChooseMethodPayment_BRI_e-PayBRI

2018-10-11 11:12:55 - [TEST_STEP][PASSED] - click: Object: 'Object Repository/Trade_Payment_Method/Click_Bank/ClickBank/Click_03_BRI' is clicked on

2018-10-11 11:12:55 - [MESSAGE][PASSED] - Object: 'Object Repository/Trade_Payment_Method/Click_Bank/ClickBank/Click_03_BRI' is clicked on

2018-10-11 11:12:55 - [TEST_STEP][PASSED] - delay: Delayed 1 second(s)

2018-10-11 11:12:56 - [MESSAGE][PASSED] - Delayed 1 second(s)

2018-10-11 11:12:56 - [TEST_STEP][PASSED] - click: Object: 'Object Repository/Trade_Payment_Method/Click_Bank/BRI/Click_10_BRI_e-PayBRI' is clicked on

2018-10-11 11:12:57 - [MESSAGE][PASSED] - Object: 'Object Repository/Trade_Payment_Method/Click_Bank/BRI/Click_10_BRI_e-PayBRI' is clicked on

2018-10-11 11:12:57 - [TEST_STEP][PASSED] - blj.common.report.Autoplaced.AppendToBlanjaAutoplacedReport: blj.common.report.Autoplaced.AppendToBlanjaAutoplacedReport is PASSED

2018-10-11 11:12:57 - [MESSAGE][PASSED] - blj.common.report.Autoplaced.AppendToBlanjaAutoplacedReport is PASSED]]></system-out>
         <system-err><![CDATA[]]></system-err>
      </testcase>
      <testcase name="Test Cases/02_ChooseMethodPaymentMobilePulsa/TC_ClickCheckout_GetLastOrderID_ExportTo_Blanja_Autoplaced" classname="Test Cases/02_ChooseMethodPaymentMobilePulsa/TC_ClickCheckout_GetLastOrderID_ExportTo_Blanja_Autoplaced" status="PASSED">
         <system-out><![CDATA[2018-10-11 11:12:57 - [TEST_CASE][PASSED] - Test Cases/02_ChooseMethodPaymentMobilePulsa/TC_ClickCheckout_GetLastOrderID_ExportTo_Blanja_Autoplaced: Test Cases/02_ChooseMethodPaymentMobilePulsa/TC_ClickCheckout_GetLastOrderID_ExportTo_Blanja_Autoplaced

2018-10-11 11:12:57 - [TEST_STEP][PASSED] - click: Object: 'Object Repository/Trade_Payment_Method/input_checkOut' is clicked on

2018-10-11 11:12:57 - [MESSAGE][PASSED] - Object: 'Object Repository/Trade_Payment_Method/input_checkOut' is clicked on

2018-10-11 11:12:57 - [TEST_STEP][PASSED] - navigateToUrl: Navigate to 'https://m.blanja.com/mobile/trades/index' successfully

2018-10-11 11:12:58 - [MESSAGE][PASSED] - Navigate to 'https://m.blanja.com/mobile/trades/index' successfully

2018-10-11 11:12:58 - [TEST_STEP][PASSED] - Statement - orderNumber = " - " + com.kms.katalon.core.webui.keyword.WebUiBuiltInKeywords.getText(com.kms.katalon.core.testobject.ObjectRepository.findTestObject(Member_BlanjaanSaya/Label_FirstOrderNumber)): Text of object 'Object Repository/Member_BlanjaanSaya/Label_FirstOrderNumber' is: 'No. Order : 418680312578923019
11 Okt 2018 11:12
Telkomsel Pulsa Rp 25.000
Nilai Top Up : 25000, Provider : Simpati 
Rp 25.200 x 1'

2018-10-11 11:12:59 - [MESSAGE][PASSED] - Text of object 'Object Repository/Member_BlanjaanSaya/Label_FirstOrderNumber' is: 'No. Order : 418680312578923019
11 Okt 2018 11:12
Telkomsel Pulsa Rp 25.000
Nilai Top Up : 25000, Provider : Simpati 
Rp 25.200 x 1'

2018-10-11 11:12:59 - [TEST_STEP][PASSED] - blj.common.report.Autoplaced.AppendToBlanjaAutoplacedReport: blj.common.report.Autoplaced.AppendToBlanjaAutoplacedReport is PASSED

2018-10-11 11:12:59 - [MESSAGE][PASSED] - blj.common.report.Autoplaced.AppendToBlanjaAutoplacedReport is PASSED

2018-10-11 11:12:59 - [TEST_STEP][PASSED] - blj.common.report.Autoplaced.AppendToBlanjaAutoplacedReport: blj.common.report.Autoplaced.AppendToBlanjaAutoplacedReport is PASSED

2018-10-11 11:12:59 - [MESSAGE][PASSED] - blj.common.report.Autoplaced.AppendToBlanjaAutoplacedReport is PASSED]]></system-out>
         <system-err><![CDATA[]]></system-err>
      </testcase>
      <system-out><![CDATA[2018-10-11 11:12:33 - [TEST_SUITE][PASSED] - TS_10_Autoplaced_BRI_e-PayBRI: Test Cases/02_ChooseMethodPaymentMobilePulsa/TC_ClickCheckout_GetLastOrderID_ExportTo_Blanja_Autoplaced]]></system-out>
      <system-err><![CDATA[]]></system-err>
   </testsuite>
</testsuites>
